#
# A fatal error has been detected by the Java Runtime Environment:
#
#  EXCEPTION_ACCESS_VIOLATION (0xc0000005) at pc=0x000001d1368422fc, pid=14668, tid=12156
#
# JRE version: OpenJDK Runtime Environment (11.0.15) (build 11.0.15+0-b2043.56-9505619)
# Java VM: OpenJDK 64-Bit Server VM (11.0.15+0-b2043.56-9505619, mixed mode, tiered, compressed oops, g1 gc, windows-amd64)
# Problematic frame:
# J 9718 c1 java.io.ObjectStreamClass.writeNonProxy(Ljava/io/ObjectOutputStream;)V java.base@11.0.15 (161 bytes) @ 0x000001d1368422fc [0x000001d136840c20+0x00000000000016dc]
#
# No core dump will be written. Minidumps are not enabled by default on client versions of Windows
#
# If you would like to submit a bug report, please visit:
#   https://bugreport.java.com/bugreport/crash.jsp
#

---------------  S U M M A R Y ------------

Command Line: --add-opens=java.base/java.util=ALL-UNNAMED --add-opens=java.base/java.lang=ALL-UNNAMED --add-opens=java.base/java.lang.invoke=ALL-UNNAMED --add-opens=java.base/java.util=ALL-UNNAMED --add-opens=java.prefs/java.util.prefs=ALL-UNNAMED --add-opens=java.prefs/java.util.prefs=ALL-UNNAMED --add-opens=java.base/java.nio.charset=ALL-UNNAMED --add-opens=java.base/java.net=ALL-UNNAMED --add-opens=java.base/java.util.concurrent.atomic=ALL-UNNAMED -Xmx2048m -Dfile.encoding=UTF-8 -Duser.country=CN -Duser.language=zh -Duser.variant org.gradle.launcher.daemon.bootstrap.GradleDaemon 7.5

Host: Intel(R) Core(TM) i7-8550U CPU @ 1.80GHz, 8 cores, 19G,  Windows 10 , 64 bit Build 19041 (10.0.19041.2913)
Time: Fri May 19 13:26:19 2023  Windows 10 , 64 bit Build 19041 (10.0.19041.2913) elapsed time: 1151.733088 seconds (0d 0h 19m 11s)

---------------  T H R E A D  ---------------

Current thread (0x000001d1522da000):  JavaThread "Daemon client event forwarder" [_thread_in_Java, id=12156, stack(0x0000001e9c200000,0x0000001e9c300000)]

Stack: [0x0000001e9c200000,0x0000001e9c300000],  sp=0x0000001e9c2fe4f8,  free space=1017k
Native frames: (J=compiled Java code, j=interpreted, Vv=VM code, C=native code)
C  0x000001d1368422fc


siginfo: EXCEPTION_ACCESS_VIOLATION (0xc0000005), reading address 0x000001d17b2da108


Register to memory mapping:

RIP=0x000001d1368422fc is at entry_point+5852 in (nmethod*)0x000001d136840810
RAX=0x0000000000000348 is an unknown value
RBX=0x000001d15c31e628 is pointing into metadata
RCX=0x0000000000000715 is an unknown value
RDX=0x0000000081940ae0 is an oop: java.io.ObjectStreamClass 
{0x0000000081940ae0} - klass: 'java/io/ObjectStreamClass'
RSP=0x0000001e9c2fe4f8 is pointing into the stack for thread: 0x000001d1522da000
RBP=0x0000001e9c2fe990 is pointing into the stack for thread: 0x000001d1522da000
RSI=0x0 is NULL
RDI=0x00000000825c1620 is an oop: [Ljava.io.ObjectStreamField; 
{0x00000000825c1620} - klass: 'java/io/ObjectStreamField'[]
 - length: 0
R8 =0x0 is NULL
R9 =0x0000000000000059 is an unknown value
R10=0x000001d12f341000 points into unknown readable memory: 0x0000000000000000 | 00 00 00 00 00 00 00 00
R11=0x0000000000000057 is an unknown value
R12=0x0 is NULL
R13=0x000000000000004a is an unknown value
R14=0x0000000000000065 is an unknown value
R15=0x000001d1522da000 is a thread


Registers:
RAX=0x0000000000000348, RBX=0x000001d15c31e628, RCX=0x0000000000000715, RDX=0x0000000081940ae0
RSP=0x0000001e9c2fe4f8, RBP=0x0000001e9c2fe990, RSI=0x0000000000000000, RDI=0x00000000825c1620
R8 =0x0000000000000000, R9 =0x0000000000000059, R10=0x000001d12f341000, R11=0x0000000000000057
R12=0x0000000000000000, R13=0x000000000000004a, R14=0x0000000000000065, R15=0x000001d1522da000
RIP=0x000001d1368422fc, EFLAGS=0x0000000000010206

Top of Stack: (sp=0x0000001e9c2fe4f8)
0x0000001e9c2fe4f8:   000001d1368435d4 0000000000000000
0x0000001e9c2fe508:   0000000090f5afd0 0000001e9c2fe5d0
0x0000001e9c2fe518:   00007ff8139f345f 0000000000000000
0x0000001e9c2fe528:   0000000000000000 0000001e9c2fe990
0x0000001e9c2fe538:   000001d1368acd7c 0000001e9c2fe850
0x0000001e9c2fe548:   00007ff8139f305c 000001d1522da000
0x0000001e9c2fe558:   0000000100000238 000001d153330de0
0x0000001e9c2fe568:   0000000090f5ad70 0000001e9c2fe5d0
0x0000001e9c2fe578:   000001d1522da000 0000001e9c2fe5b0
0x0000001e9c2fe588:   0000000000000000 0000000000000000
0x0000001e9c2fe598:   0000000000000000 00007ff813cf9e28
0x0000001e9c2fe5a8:   0000000090f5a8d8 0000000000000000
0x0000001e9c2fe5b8:   0000000081940ae0 000001d1522da000
0x0000001e9c2fe5c8:   0000000000000000 0000000090f5b1c0
0x0000001e9c2fe5d8:   000001d13cf93620 000001d1522da000
0x0000001e9c2fe5e8:   0000000081940ae0 0000000090f5afd0 

Instructions: (pc=0x000001d1368422fc)
0x000001d1368421fc:   00 00 00 48 ba 28 e6 31 5c d1 01 00 00 45 8b 40
0x000001d13684220c:   08 49 c1 e0 03 4c 3b 82 e8 04 00 00 75 0d 48 83
0x000001d13684221c:   82 f0 04 00 00 01 e9 66 00 00 00 4c 3b 82 f8 04
0x000001d13684222c:   00 00 75 0d 48 83 82 00 05 00 00 01 e9 50 00 00
0x000001d13684223c:   00 48 81 ba e8 04 00 00 00 00 00 00 75 17 4c 89
0x000001d13684224c:   82 e8 04 00 00 48 c7 82 f0 04 00 00 01 00 00 00
0x000001d13684225c:   e9 2c 00 00 00 48 81 ba f8 04 00 00 00 00 00 00
0x000001d13684226c:   75 17 4c 89 82 f8 04 00 00 48 c7 82 00 05 00 00
0x000001d13684227c:   01 00 00 00 e9 08 40 00 00 48 83 82 d8 04 00 00
0x000001d13684228c:   01 4c 8b c6 48 8b 94 24 c8 00 00 00 0f 1f 80 00
0x000001d13684229c:   00 00 00 e8 1c 59 e5 ff 8b b4 24 d8 00 00 00 ff
0x000001d1368422ac:   c6 48 bf 28 e6 31 5c d1 01 00 00 8b 9f 04 01 00
0x000001d1368422bc:   00 83 c3 08 89 9f 04 01 00 00 81 e3 f8 ff 00 00
0x000001d1368422cc:   83 fb 00 0f 84 9a 04 00 00 4d 8b 97 08 01 00 00
0x000001d1368422dc:   41 85 02 48 bf 28 e6 31 5c d1 01 00 00 ff 87 10
0x000001d1368422ec:   05 00 00 e9 e4 f2 ff ff 48 81 c4 10 01 00 00 5d
0x000001d1368422fc:   4d 8b 97 08 01 00 29 41 85 02 c3 49 ba d8 f7 ad
0x000001d13684230c:   57 d1 01 00 00 4c 89 54 24 08 48 c7 04 24 ff ff
0x000001d13684231c:   ff ff e8 dd 47 72 fe e9 5f e9 ff ff e8 f3 f3 71
0x000001d13684232c:   fe 49 ba 10 e3 5a 54 d1 01 00 00 4c 89 54 24 08
0x000001d13684233c:   48 c7 04 24 ff ff ff ff e8 b7 47 72 fe e9 f7 e9
0x000001d13684234c:   ff ff e8 cd f3 71 fe 49 ba 38 69 ad 57 d1 01 00
0x000001d13684235c:   00 4c 89 54 24 08 48 c7 04 24 ff ff ff ff e8 91
0x000001d13684236c:   47 72 fe e9 15 ea ff ff 49 ba 50 e3 ad 57 d1 01
0x000001d13684237c:   00 00 4c 89 54 24 08 48 c7 04 24 ff ff ff ff e8
0x000001d13684238c:   70 47 72 fe e9 b2 ea ff ff 48 8b d2 e8 63 fc 71
0x000001d13684239c:   fe e9 33 eb ff ff 49 ba 40 c4 b5 57 d1 01 00 00
0x000001d1368423ac:   4c 89 54 24 08 48 c7 04 24 ff ff ff ff e8 42 47
0x000001d1368423bc:   72 fe e9 4f eb ff ff 8b 50 0c 48 83 fa 00 0f 84
0x000001d1368423cc:   50 eb ff ff 48 89 14 24 e8 27 53 72 fe e9 42 eb
0x000001d1368423dc:   ff ff 48 83 fb 00 0f 84 53 eb ff ff 48 89 04 24
0x000001d1368423ec:   e8 0f 59 72 fe e9 45 eb ff ff 49 ba 10 06 83 4b 


Stack slot to memory mapping:
stack at sp + 0 slots: 0x000001d1368435d4 is at entry_point+148 in (nmethod*)0x000001d136843390
stack at sp + 1 slots: 0x0 is NULL
stack at sp + 2 slots: 0x0000000090f5afd0 is an oop: java.io.ObjectOutputStream$HandleTable 
{0x0000000090f5afd0} - klass: 'java/io/ObjectOutputStream$HandleTable'
stack at sp + 3 slots: 0x0000001e9c2fe5d0 is pointing into the stack for thread: 0x000001d1522da000
stack at sp + 4 slots: 0x00007ff8139f345f jvm.dll
stack at sp + 5 slots: 0x0 is NULL
stack at sp + 6 slots: 0x0 is NULL
stack at sp + 7 slots: 0x0000001e9c2fe990 is pointing into the stack for thread: 0x000001d1522da000



---------------  P R O C E S S  ---------------

Threads class SMR info:
_java_thread_list=0x000001d15344d420, length=45, elements={
0x000001d131341000, 0x000001d14b822000, 0x000001d14b81c000, 0x000001d14c11b800,
0x000001d14c11c800, 0x000001d14c11d800, 0x000001d14c121000, 0x000001d14c123000,
0x000001d14c12a000, 0x000001d14c288800, 0x000001d151f6c800, 0x000001d14c29c800,
0x000001d152837800, 0x000001d151578800, 0x000001d151578000, 0x000001d151576000,
0x000001d15157a000, 0x000001d15157c000, 0x000001d151577000, 0x000001d152343800,
0x000001d152342800, 0x000001d152342000, 0x000001d152346000, 0x000001d152346800,
0x000001d152345000, 0x000001d14c647000, 0x000001d14c64d000, 0x000001d14c648800,
0x000001d14c64d800, 0x000001d14c651000, 0x000001d158cbe800, 0x000001d1522e4000,
0x000001d1535a0000, 0x000001d1522d8800, 0x000001d1522db000, 0x000001d1522d6800,
0x000001d1522d7800, 0x000001d1522db800, 0x000001d1522d9000, 0x000001d1522da000,
0x000001d1522d6000, 0x000001d1522e2000, 0x000001d1522df800, 0x000001d1522dc800,
0x000001d1522de000
}

Java Threads: ( => current thread )
  0x000001d131341000 JavaThread "main" [_thread_blocked, id=12536, stack(0x0000001e9a500000,0x0000001e9a600000)]
  0x000001d14b822000 JavaThread "Reference Handler" daemon [_thread_blocked, id=14664, stack(0x0000001e9ac00000,0x0000001e9ad00000)]
  0x000001d14b81c000 JavaThread "Finalizer" daemon [_thread_blocked, id=6384, stack(0x0000001e9ad00000,0x0000001e9ae00000)]
  0x000001d14c11b800 JavaThread "Signal Dispatcher" daemon [_thread_blocked, id=8004, stack(0x0000001e9ae00000,0x0000001e9af00000)]
  0x000001d14c11c800 JavaThread "Attach Listener" daemon [_thread_blocked, id=7448, stack(0x0000001e9af00000,0x0000001e9b000000)]
  0x000001d14c11d800 JavaThread "Service Thread" daemon [_thread_blocked, id=12736, stack(0x0000001e9b000000,0x0000001e9b100000)]
  0x000001d14c121000 JavaThread "C2 CompilerThread0" daemon [_thread_blocked, id=9964, stack(0x0000001e9b100000,0x0000001e9b200000)]
  0x000001d14c123000 JavaThread "C1 CompilerThread0" daemon [_thread_blocked, id=12884, stack(0x0000001e9b200000,0x0000001e9b300000)]
  0x000001d14c12a000 JavaThread "Sweeper thread" daemon [_thread_blocked, id=11060, stack(0x0000001e9b300000,0x0000001e9b400000)]
  0x000001d14c288800 JavaThread "Common-Cleaner" daemon [_thread_blocked, id=8848, stack(0x0000001e9b400000,0x0000001e9b500000)]
  0x000001d151f6c800 JavaThread "Daemon health stats" [_thread_blocked, id=2056, stack(0x0000001e9be00000,0x0000001e9bf00000)]
  0x000001d14c29c800 JavaThread "Incoming local TCP Connector on port 55058" [_thread_in_native, id=1424, stack(0x0000001e9b600000,0x0000001e9b700000)]
  0x000001d152837800 JavaThread "Daemon periodic checks" [_thread_blocked, id=13352, stack(0x0000001e9b700000,0x0000001e9b800000)]
  0x000001d151578800 JavaThread "Cache worker for journal cache (C:\Users\Administrator\.gradle\caches\journal-1)" [_thread_blocked, id=9704, stack(0x0000001e9c700000,0x0000001e9c800000)]
  0x000001d151578000 JavaThread "File lock request listener" [_thread_in_native, id=6100, stack(0x0000001e9c800000,0x0000001e9c900000)]
  0x000001d151576000 JavaThread "Cache worker for file hash cache (C:\Users\Administrator\.gradle\caches\7.5\fileHashes)" [_thread_blocked, id=4032, stack(0x0000001e9cb00000,0x0000001e9cc00000)]
  0x000001d15157a000 JavaThread "File watcher server" daemon [_thread_blocked, id=5032, stack(0x0000001e9cd00000,0x0000001e9ce00000)]
  0x000001d15157c000 JavaThread "File watcher consumer" daemon [_thread_blocked, id=14508, stack(0x0000001e9ce00000,0x0000001e9cf00000)]
  0x000001d151577000 JavaThread "Cache worker for file content cache (C:\Users\Administrator\.gradle\caches\7.5\fileContent)" [_thread_blocked, id=9404, stack(0x0000001e9d100000,0x0000001e9d200000)]
  0x000001d152343800 JavaThread "Cache worker for execution history cache (C:\Users\Administrator\.gradle\caches\7.5\executionHistory)" [_thread_blocked, id=12784, stack(0x0000001e9d400000,0x0000001e9d500000)]
  0x000001d152342800 JavaThread "jar transforms" [_thread_blocked, id=8860, stack(0x0000001e9d500000,0x0000001e9d600000)]
  0x000001d152342000 JavaThread "jar transforms Thread 2" [_thread_blocked, id=7276, stack(0x0000001e9d600000,0x0000001e9d700000)]
  0x000001d152346000 JavaThread "jar transforms Thread 3" [_thread_blocked, id=2616, stack(0x0000001e9d700000,0x0000001e9d800000)]
  0x000001d152346800 JavaThread "jar transforms Thread 4" [_thread_blocked, id=14112, stack(0x0000001e9d800000,0x0000001e9d900000)]
  0x000001d152345000 JavaThread "jar transforms Thread 5" [_thread_blocked, id=12584, stack(0x0000001e9da00000,0x0000001e9db00000)]
  0x000001d14c647000 JavaThread "jar transforms Thread 6" [_thread_blocked, id=6280, stack(0x0000001ea2d00000,0x0000001ea2e00000)]
  0x000001d14c64d000 JavaThread "jar transforms Thread 7" [_thread_blocked, id=12540, stack(0x0000001ea2e00000,0x0000001ea2f00000)]
  0x000001d14c648800 JavaThread "jar transforms Thread 8" [_thread_blocked, id=5380, stack(0x0000001ea2f00000,0x0000001ea3000000)]
  0x000001d14c64d800 JavaThread "Memory manager" [_thread_blocked, id=6360, stack(0x0000001ea3100000,0x0000001ea3200000)]
  0x000001d14c651000 JavaThread "pool-3-thread-1" [_thread_blocked, id=3288, stack(0x0000001ea3200000,0x0000001ea3300000)]
  0x000001d158cbe800 JavaThread "Cache worker for Java compile cache (C:\Users\Administrator\.gradle\caches\7.5\javaCompile)" [_thread_blocked, id=3828, stack(0x0000001ea3d00000,0x0000001ea3e00000)]
  0x000001d1522e4000 JavaThread "pool-7-thread-1" [_thread_blocked, id=5472, stack(0x0000001ea2b00000,0x0000001ea2c00000)]
  0x000001d1535a0000 JavaThread "ForkJoinPool.commonPool-worker-11" daemon [_thread_blocked, id=9052, stack(0x0000001ea4500000,0x0000001ea4600000)]
  0x000001d1522d8800 JavaThread "Daemon Thread 3" [_thread_blocked, id=14604, stack(0x0000001e9a200000,0x0000001e9a300000)]
  0x000001d1522db000 JavaThread "Handler for socket connection from /127.0.0.1:55058 to /127.0.0.1:57378" [_thread_in_native, id=14020, stack(0x0000001e9a300000,0x0000001e9a400000)]
  0x000001d1522d6800 JavaThread "Cancel handler" [_thread_blocked, id=8180, stack(0x0000001e9a400000,0x0000001e9a500000)]
  0x000001d1522d7800 JavaThread "Daemon worker Thread 3" [_thread_blocked, id=14492, stack(0x0000001e9bf00000,0x0000001e9c000000)]
  0x000001d1522db800 JavaThread "Asynchronous log dispatcher for DefaultDaemonConnection: socket connection from /127.0.0.1:55058 to /127.0.0.1:57378" [_thread_blocked, id=14952, stack(0x0000001e9c000000,0x0000001e9c100000)]
  0x000001d1522d9000 JavaThread "Stdin handler" [_thread_blocked, id=3496, stack(0x0000001e9c100000,0x0000001e9c200000)]
=>0x000001d1522da000 JavaThread "Daemon client event forwarder" [_thread_in_Java, id=12156, stack(0x0000001e9c200000,0x0000001e9c300000)]
  0x000001d1522d6000 JavaThread "Cache worker for checksums cache (E:\AndroidStudio\AsianGames\.gradle\7.5\checksums)" [_thread_blocked, id=3932, stack(0x0000001e9c300000,0x0000001e9c400000)]
  0x000001d1522e2000 JavaThread "Cache worker for cache directory md-rule (C:\Users\Administrator\.gradle\caches\7.5\md-rule)" [_thread_blocked, id=9804, stack(0x0000001e9c400000,0x0000001e9c500000)]
  0x000001d1522df800 JavaThread "Cache worker for file hash cache (E:\AndroidStudio\AsianGames\.gradle\7.5\fileHashes)" [_thread_blocked, id=14776, stack(0x0000001e9c500000,0x0000001e9c600000)]
  0x000001d1522dc800 JavaThread "Cache worker for cache directory md-supplier (C:\Users\Administrator\.gradle\caches\7.5\md-supplier)" [_thread_blocked, id=11328, stack(0x0000001e9c600000,0x0000001e9c700000)]
  0x000001d1522de000 JavaThread "Cache worker for dependencies-accessors (E:\AndroidStudio\AsianGames\.gradle\7.5\dependencies-accessors)" [_thread_blocked, id=14240, stack(0x0000001e9cc00000,0x0000001e9cd00000)]

Other Threads:
  0x000001d14c0b6800 VMThread "VM Thread" [stack: 0x0000001e9ab00000,0x0000001e9ac00000] [id=14436] _threads_hazard_ptr=0x000001d15344d420
  0x000001d14c28b000 WatcherThread [stack: 0x0000001e9b500000,0x0000001e9b600000] [id=8052]
  0x000001d13135b800 GCTaskThread "GC Thread#0" [stack: 0x0000001e9a600000,0x0000001e9a700000] [id=11052]
  0x000001d150b37800 GCTaskThread "GC Thread#1" [stack: 0x0000001e9b800000,0x0000001e9b900000] [id=12660]
  0x000001d151416800 GCTaskThread "GC Thread#2" [stack: 0x0000001e9b900000,0x0000001e9ba00000] [id=15124]
  0x000001d150bf8000 GCTaskThread "GC Thread#3" [stack: 0x0000001e9ba00000,0x0000001e9bb00000] [id=736]
  0x000001d151649000 GCTaskThread "GC Thread#4" [stack: 0x0000001e9bb00000,0x0000001e9bc00000] [id=15132]
  0x000001d15122c800 GCTaskThread "GC Thread#5" [stack: 0x0000001e9bc00000,0x0000001e9bd00000] [id=4408]
  0x000001d151689000 GCTaskThread "GC Thread#6" [stack: 0x0000001e9bd00000,0x0000001e9be00000] [id=9588]
  0x000001d15168c000 GCTaskThread "GC Thread#7" [stack: 0x0000001e9c900000,0x0000001e9ca00000] [id=3876]
  0x000001d13138f800 ConcurrentGCThread "G1 Main Marker" [stack: 0x0000001e9a700000,0x0000001e9a800000] [id=5632]
  0x000001d131391000 ConcurrentGCThread "G1 Conc#0" [stack: 0x0000001e9a800000,0x0000001e9a900000] [id=15332]
  0x000001d15168a800 ConcurrentGCThread "G1 Conc#1" [stack: 0x0000001e9ca00000,0x0000001e9cb00000] [id=9724]
  0x000001d14b6e6800 ConcurrentGCThread "G1 Refine#0" [stack: 0x0000001e9a900000,0x0000001e9aa00000] [id=15264]
  0x000001d14b6e7000 ConcurrentGCThread "G1 Young RemSet Sampling" [stack: 0x0000001e9aa00000,0x0000001e9ab00000] [id=9832]

Threads with active compile tasks:
C2 CompilerThread0  1151843 17159       4       org.gradle.internal.service.DefaultServiceRegistry$OwnServices::putServiceType (48 bytes)

VM state:synchronizing (normal execution)

VM Mutex/Monitor currently owned by a thread:  ([mutex/lock_event])
[0x000001d13133c9f0] Safepoint_lock - owner thread: 0x000001d14c0b6800
[0x000001d13133d2f0] Threads_lock - owner thread: 0x000001d14c0b6800

Heap address: 0x0000000080000000, size: 2048 MB, Compressed Oops mode: 32-bit
Narrow klass base: 0x0000000000000000, Narrow klass shift: 3
Compressed class space size: 1073741824 Address: 0x0000000100000000

Heap:
 garbage-first heap   total 327680K, used 149940K [0x0000000080000000, 0x0000000100000000)
  region size 1024K, 51 young (52224K), 10 survivors (10240K)
 Metaspace       used 128993K, capacity 134302K, committed 134812K, reserved 1165312K
  class space    used 17070K, capacity 19226K, committed 19404K, reserved 1048576K
Heap Regions: E=young(eden), S=young(survivor), O=old, HS=humongous(starts), HC=humongous(continues), CS=collection set, F=free, A=archive, TAMS=top-at-mark-start (previous, next)
|   0|0x0000000080000000, 0x0000000080100000, 0x0000000080100000|100%| O|  |TAMS 0x0000000080100000, 0x0000000080000000| Untracked 
|   1|0x0000000080100000, 0x0000000080200000, 0x0000000080200000|100%| O|  |TAMS 0x0000000080200000, 0x0000000080100000| Untracked 
|   2|0x0000000080200000, 0x0000000080300000, 0x0000000080300000|100%| O|  |TAMS 0x0000000080300000, 0x0000000080200000| Untracked 
|   3|0x0000000080300000, 0x0000000080400000, 0x0000000080400000|100%|HS|  |TAMS 0x0000000080400000, 0x0000000080300000| Complete 
|   4|0x0000000080400000, 0x0000000080500000, 0x0000000080500000|100%|HC|  |TAMS 0x0000000080500000, 0x0000000080400000| Complete 
|   5|0x0000000080500000, 0x0000000080600000, 0x0000000080600000|100%|HC|  |TAMS 0x0000000080600000, 0x0000000080500000| Complete 
|   6|0x0000000080600000, 0x0000000080700000, 0x0000000080700000|100%| O|  |TAMS 0x0000000080700000, 0x0000000080600000| Untracked 
|   7|0x0000000080700000, 0x0000000080800000, 0x0000000080800000|100%| O|  |TAMS 0x0000000080800000, 0x0000000080700000| Untracked 
|   8|0x0000000080800000, 0x0000000080900000, 0x0000000080900000|100%| O|  |TAMS 0x0000000080900000, 0x0000000080800000| Untracked 
|   9|0x0000000080900000, 0x0000000080a00000, 0x0000000080a00000|100%| O|  |TAMS 0x0000000080a00000, 0x0000000080900000| Untracked 
|  10|0x0000000080a00000, 0x0000000080b00000, 0x0000000080b00000|100%| O|  |TAMS 0x0000000080b00000, 0x0000000080a00000| Untracked 
|  11|0x0000000080b00000, 0x0000000080c00000, 0x0000000080c00000|100%| O|  |TAMS 0x0000000080c00000, 0x0000000080b00000| Untracked 
|  12|0x0000000080c00000, 0x0000000080d00000, 0x0000000080d00000|100%| O|  |TAMS 0x0000000080d00000, 0x0000000080c00000| Untracked 
|  13|0x0000000080d00000, 0x0000000080e00000, 0x0000000080e00000|100%| O|  |TAMS 0x0000000080e00000, 0x0000000080d00000| Untracked 
|  14|0x0000000080e00000, 0x0000000080f00000, 0x0000000080f00000|100%| O|  |TAMS 0x0000000080f00000, 0x0000000080e00000| Untracked 
|  15|0x0000000080f00000, 0x0000000081000000, 0x0000000081000000|100%| O|  |TAMS 0x0000000081000000, 0x0000000080f00000| Untracked 
|  16|0x0000000081000000, 0x0000000081100000, 0x0000000081100000|100%| O|  |TAMS 0x0000000081100000, 0x0000000081000000| Untracked 
|  17|0x0000000081100000, 0x0000000081200000, 0x0000000081200000|100%|HS|  |TAMS 0x0000000081200000, 0x0000000081100000| Complete 
|  18|0x0000000081200000, 0x0000000081300000, 0x0000000081300000|100%|HS|  |TAMS 0x0000000081300000, 0x0000000081200000| Complete 
|  19|0x0000000081300000, 0x0000000081400000, 0x0000000081400000|100%| O|  |TAMS 0x0000000081400000, 0x0000000081300000| Untracked 
|  20|0x0000000081400000, 0x0000000081500000, 0x0000000081500000|100%| O|  |TAMS 0x0000000081500000, 0x0000000081400000| Untracked 
|  21|0x0000000081500000, 0x0000000081600000, 0x0000000081600000|100%| O|  |TAMS 0x0000000081600000, 0x0000000081500000| Untracked 
|  22|0x0000000081600000, 0x0000000081700000, 0x0000000081700000|100%| O|  |TAMS 0x0000000081700000, 0x0000000081600000| Untracked 
|  23|0x0000000081700000, 0x0000000081800000, 0x0000000081800000|100%| O|  |TAMS 0x0000000081800000, 0x0000000081700000| Untracked 
|  24|0x0000000081800000, 0x0000000081900000, 0x0000000081900000|100%| O|  |TAMS 0x0000000081900000, 0x0000000081800000| Untracked 
|  25|0x0000000081900000, 0x0000000081a00000, 0x0000000081a00000|100%| O|  |TAMS 0x0000000081a00000, 0x0000000081900000| Untracked 
|  26|0x0000000081a00000, 0x0000000081b00000, 0x0000000081b00000|100%| O|  |TAMS 0x0000000081b00000, 0x0000000081a00000| Untracked 
|  27|0x0000000081b00000, 0x0000000081c00000, 0x0000000081c00000|100%| O|  |TAMS 0x0000000081c00000, 0x0000000081b00000| Untracked 
|  28|0x0000000081c00000, 0x0000000081d00000, 0x0000000081d00000|100%| O|  |TAMS 0x0000000081d00000, 0x0000000081c00000| Untracked 
|  29|0x0000000081d00000, 0x0000000081e00000, 0x0000000081e00000|100%| O|  |TAMS 0x0000000081e00000, 0x0000000081d00000| Untracked 
|  30|0x0000000081e00000, 0x0000000081f00000, 0x0000000081f00000|100%| O|  |TAMS 0x0000000081f00000, 0x0000000081e00000| Untracked 
|  31|0x0000000081f00000, 0x0000000082000000, 0x0000000082000000|100%| O|  |TAMS 0x0000000082000000, 0x0000000081f00000| Untracked 
|  32|0x0000000082000000, 0x0000000082100000, 0x0000000082100000|100%| O|  |TAMS 0x0000000082100000, 0x0000000082000000| Untracked 
|  33|0x0000000082100000, 0x0000000082200000, 0x0000000082200000|100%| O|  |TAMS 0x0000000082200000, 0x0000000082100000| Untracked 
|  34|0x0000000082200000, 0x0000000082300000, 0x0000000082300000|100%| O|  |TAMS 0x0000000082300000, 0x0000000082200000| Untracked 
|  35|0x0000000082300000, 0x0000000082400000, 0x0000000082400000|100%| O|  |TAMS 0x0000000082400000, 0x0000000082300000| Untracked 
|  36|0x0000000082400000, 0x0000000082500000, 0x0000000082500000|100%| O|  |TAMS 0x0000000082500000, 0x0000000082400000| Untracked 
|  37|0x0000000082500000, 0x0000000082600000, 0x0000000082600000|100%| O|  |TAMS 0x0000000082600000, 0x0000000082500000| Untracked 
|  38|0x0000000082600000, 0x0000000082700000, 0x0000000082700000|100%| O|  |TAMS 0x0000000082700000, 0x0000000082600000| Untracked 
|  39|0x0000000082700000, 0x0000000082800000, 0x0000000082800000|100%| O|  |TAMS 0x0000000082800000, 0x0000000082700000| Untracked 
|  40|0x0000000082800000, 0x0000000082900000, 0x0000000082900000|100%| O|  |TAMS 0x0000000082900000, 0x0000000082800000| Untracked 
|  41|0x0000000082900000, 0x0000000082a00000, 0x0000000082a00000|100%| O|  |TAMS 0x0000000082a00000, 0x0000000082900000| Untracked 
|  42|0x0000000082a00000, 0x0000000082b00000, 0x0000000082b00000|100%| O|  |TAMS 0x0000000082b00000, 0x0000000082a00000| Untracked 
|  43|0x0000000082b00000, 0x0000000082c00000, 0x0000000082c00000|100%| O|  |TAMS 0x0000000082c00000, 0x0000000082b00000| Untracked 
|  44|0x0000000082c00000, 0x0000000082d00000, 0x0000000082d00000|100%| O|  |TAMS 0x0000000082d00000, 0x0000000082c00000| Untracked 
|  45|0x0000000082d00000, 0x0000000082e00000, 0x0000000082e00000|100%| O|  |TAMS 0x0000000082e00000, 0x0000000082d00000| Untracked 
|  46|0x0000000082e00000, 0x0000000082f00000, 0x0000000082f00000|100%| O|  |TAMS 0x0000000082f00000, 0x0000000082e00000| Untracked 
|  47|0x0000000082f00000, 0x0000000083000000, 0x0000000083000000|100%| O|  |TAMS 0x0000000083000000, 0x0000000082f00000| Untracked 
|  48|0x0000000083000000, 0x0000000083100000, 0x0000000083100000|100%| O|  |TAMS 0x0000000083100000, 0x0000000083000000| Untracked 
|  49|0x0000000083100000, 0x0000000083200000, 0x0000000083200000|100%| O|  |TAMS 0x0000000083200000, 0x0000000083100000| Untracked 
|  50|0x0000000083200000, 0x0000000083300000, 0x0000000083300000|100%| O|  |TAMS 0x0000000083300000, 0x0000000083200000| Untracked 
|  51|0x0000000083300000, 0x0000000083400000, 0x0000000083400000|100%| O|  |TAMS 0x0000000083400000, 0x0000000083300000| Untracked 
|  52|0x0000000083400000, 0x0000000083500000, 0x0000000083500000|100%| O|  |TAMS 0x0000000083500000, 0x0000000083400000| Untracked 
|  53|0x0000000083500000, 0x0000000083600000, 0x0000000083600000|100%| O|  |TAMS 0x0000000083600000, 0x0000000083500000| Untracked 
|  54|0x0000000083600000, 0x0000000083700000, 0x0000000083700000|100%| O|  |TAMS 0x0000000083700000, 0x0000000083600000| Untracked 
|  55|0x0000000083700000, 0x0000000083800000, 0x0000000083800000|100%| O|  |TAMS 0x0000000083800000, 0x0000000083700000| Untracked 
|  56|0x0000000083800000, 0x0000000083900000, 0x0000000083900000|100%| O|  |TAMS 0x0000000083900000, 0x0000000083800000| Untracked 
|  57|0x0000000083900000, 0x0000000083a00000, 0x0000000083a00000|100%| O|  |TAMS 0x0000000083a00000, 0x0000000083900000| Untracked 
|  58|0x0000000083a00000, 0x0000000083b00000, 0x0000000083b00000|100%| O|  |TAMS 0x0000000083b00000, 0x0000000083a00000| Untracked 
|  59|0x0000000083b00000, 0x0000000083c00000, 0x0000000083c00000|100%| O|  |TAMS 0x0000000083c00000, 0x0000000083b00000| Untracked 
|  60|0x0000000083c00000, 0x0000000083d00000, 0x0000000083d00000|100%| O|  |TAMS 0x0000000083d00000, 0x0000000083c00000| Untracked 
|  61|0x0000000083d00000, 0x0000000083e00000, 0x0000000083e00000|100%| O|  |TAMS 0x0000000083e00000, 0x0000000083d00000| Untracked 
|  62|0x0000000083e00000, 0x0000000083f00000, 0x0000000083f00000|100%| O|  |TAMS 0x0000000083f00000, 0x0000000083e00000| Untracked 
|  63|0x0000000083f00000, 0x0000000084000000, 0x0000000084000000|100%| O|  |TAMS 0x0000000084000000, 0x0000000083f00000| Untracked 
|  64|0x0000000084000000, 0x0000000084100000, 0x0000000084100000|100%| O|  |TAMS 0x0000000084100000, 0x0000000084000000| Untracked 
|  65|0x0000000084100000, 0x0000000084200000, 0x0000000084200000|100%| O|  |TAMS 0x0000000084200000, 0x0000000084100000| Untracked 
|  66|0x0000000084200000, 0x0000000084300000, 0x0000000084300000|100%| O|  |TAMS 0x0000000084300000, 0x0000000084200000| Untracked 
|  67|0x0000000084300000, 0x0000000084400000, 0x0000000084400000|100%| O|  |TAMS 0x0000000084400000, 0x0000000084300000| Untracked 
|  68|0x0000000084400000, 0x0000000084500000, 0x0000000084500000|100%| O|  |TAMS 0x0000000084500000, 0x0000000084400000| Untracked 
|  69|0x0000000084500000, 0x0000000084600000, 0x0000000084600000|100%| O|  |TAMS 0x0000000084600000, 0x0000000084500000| Untracked 
|  70|0x0000000084600000, 0x0000000084700000, 0x0000000084700000|100%| O|  |TAMS 0x0000000084700000, 0x0000000084600000| Untracked 
|  71|0x0000000084700000, 0x0000000084800000, 0x0000000084800000|100%| O|  |TAMS 0x0000000084800000, 0x0000000084700000| Untracked 
|  72|0x0000000084800000, 0x0000000084900000, 0x0000000084900000|100%| O|  |TAMS 0x0000000084900000, 0x0000000084800000| Untracked 
|  73|0x0000000084900000, 0x0000000084a00000, 0x0000000084a00000|100%| O|  |TAMS 0x0000000084a00000, 0x0000000084900000| Untracked 
|  74|0x0000000084a00000, 0x0000000084b00000, 0x0000000084b00000|100%| O|  |TAMS 0x0000000084b00000, 0x0000000084a00000| Untracked 
|  75|0x0000000084b00000, 0x0000000084c00000, 0x0000000084c00000|100%| O|  |TAMS 0x0000000084c00000, 0x0000000084b00000| Untracked 
|  76|0x0000000084c00000, 0x0000000084d00000, 0x0000000084d00000|100%| O|  |TAMS 0x0000000084d00000, 0x0000000084c00000| Untracked 
|  77|0x0000000084d00000, 0x0000000084e00000, 0x0000000084e00000|100%| O|  |TAMS 0x0000000084e00000, 0x0000000084d00000| Untracked 
|  78|0x0000000084e00000, 0x0000000084f00000, 0x0000000084f00000|100%| O|  |TAMS 0x0000000084f00000, 0x0000000084e00000| Untracked 
|  79|0x0000000084f00000, 0x0000000085000000, 0x0000000085000000|100%| O|  |TAMS 0x0000000085000000, 0x0000000084f00000| Untracked 
|  80|0x0000000085000000, 0x0000000085100000, 0x0000000085100000|100%| O|  |TAMS 0x0000000085100000, 0x0000000085000000| Untracked 
|  81|0x0000000085100000, 0x0000000085200000, 0x0000000085200000|100%| O|  |TAMS 0x0000000085200000, 0x0000000085100000| Untracked 
|  82|0x0000000085200000, 0x0000000085300000, 0x0000000085300000|100%| O|  |TAMS 0x0000000085300000, 0x0000000085200000| Untracked 
|  83|0x0000000085300000, 0x0000000085400000, 0x0000000085400000|100%| O|  |TAMS 0x0000000085400000, 0x0000000085300000| Untracked 
|  84|0x0000000085400000, 0x0000000085500000, 0x0000000085500000|100%| O|  |TAMS 0x0000000085500000, 0x0000000085400000| Untracked 
|  85|0x0000000085500000, 0x0000000085600000, 0x0000000085600000|100%| O|  |TAMS 0x0000000085600000, 0x0000000085500000| Untracked 
|  86|0x0000000085600000, 0x0000000085700000, 0x0000000085700000|100%| O|  |TAMS 0x0000000085700000, 0x0000000085600000| Untracked 
|  87|0x0000000085700000, 0x0000000085800000, 0x0000000085800000|100%| O|  |TAMS 0x0000000085800000, 0x0000000085700000| Untracked 
|  88|0x0000000085800000, 0x0000000085900000, 0x0000000085900000|100%| O|  |TAMS 0x0000000085900000, 0x0000000085800000| Untracked 
|  89|0x0000000085900000, 0x0000000085a00000, 0x0000000085a00000|100%| O|  |TAMS 0x0000000085a00000, 0x0000000085900000| Untracked 
|  90|0x0000000085a00000, 0x0000000085a6e800, 0x0000000085b00000| 43%| O|  |TAMS 0x0000000085a6e800, 0x0000000085a00000| Untracked 
|  91|0x0000000085b00000, 0x0000000085c00000, 0x0000000085c00000|100%|HS|  |TAMS 0x0000000085b00000, 0x0000000085b00000| Complete 
|  92|0x0000000085c00000, 0x0000000085d00000, 0x0000000085d00000|100%|HC|  |TAMS 0x0000000085c00000, 0x0000000085c00000| Complete 
|  93|0x0000000085d00000, 0x0000000085e00000, 0x0000000085e00000|100%|HS|  |TAMS 0x0000000085d00000, 0x0000000085d00000| Complete 
|  94|0x0000000085e00000, 0x0000000085f00000, 0x0000000085f00000|100%|HC|  |TAMS 0x0000000085e00000, 0x0000000085e00000| Complete 
|  95|0x0000000085f00000, 0x0000000086000000, 0x0000000086000000|100%|HS|  |TAMS 0x0000000085f00000, 0x0000000085f00000| Complete 
|  96|0x0000000086000000, 0x0000000086100000, 0x0000000086100000|100%|HC|  |TAMS 0x0000000086000000, 0x0000000086000000| Complete 
|  97|0x0000000086100000, 0x0000000086200000, 0x0000000086200000|100%|HS|  |TAMS 0x0000000086100000, 0x0000000086100000| Complete 
|  98|0x0000000086200000, 0x0000000086200000, 0x0000000086300000|  0%| F|  |TAMS 0x0000000086200000, 0x0000000086200000| Untracked 
|  99|0x0000000086300000, 0x0000000086300000, 0x0000000086400000|  0%| F|  |TAMS 0x0000000086300000, 0x0000000086300000| Untracked 
| 100|0x0000000086400000, 0x0000000086400000, 0x0000000086500000|  0%| F|  |TAMS 0x0000000086400000, 0x0000000086400000| Untracked 
| 101|0x0000000086500000, 0x0000000086500000, 0x0000000086600000|  0%| F|  |TAMS 0x0000000086500000, 0x0000000086500000| Untracked 
| 102|0x0000000086600000, 0x0000000086600000, 0x0000000086700000|  0%| F|  |TAMS 0x0000000086600000, 0x0000000086600000| Untracked 
| 103|0x0000000086700000, 0x0000000086700000, 0x0000000086800000|  0%| F|  |TAMS 0x0000000086700000, 0x0000000086700000| Untracked 
| 104|0x0000000086800000, 0x0000000086800000, 0x0000000086900000|  0%| F|  |TAMS 0x0000000086800000, 0x0000000086800000| Untracked 
| 105|0x0000000086900000, 0x0000000086900000, 0x0000000086a00000|  0%| F|  |TAMS 0x0000000086900000, 0x0000000086900000| Untracked 
| 106|0x0000000086a00000, 0x0000000086a00000, 0x0000000086b00000|  0%| F|  |TAMS 0x0000000086a00000, 0x0000000086a00000| Untracked 
| 107|0x0000000086b00000, 0x0000000086b00000, 0x0000000086c00000|  0%| F|  |TAMS 0x0000000086b00000, 0x0000000086b00000| Untracked 
| 108|0x0000000086c00000, 0x0000000086c00000, 0x0000000086d00000|  0%| F|  |TAMS 0x0000000086c00000, 0x0000000086c00000| Untracked 
| 109|0x0000000086d00000, 0x0000000086d00000, 0x0000000086e00000|  0%| F|  |TAMS 0x0000000086d00000, 0x0000000086d00000| Untracked 
| 110|0x0000000086e00000, 0x0000000086e00000, 0x0000000086f00000|  0%| F|  |TAMS 0x0000000086e00000, 0x0000000086e00000| Untracked 
| 111|0x0000000086f00000, 0x0000000086f00000, 0x0000000087000000|  0%| F|  |TAMS 0x0000000086f00000, 0x0000000086f00000| Untracked 
| 112|0x0000000087000000, 0x0000000087000000, 0x0000000087100000|  0%| F|  |TAMS 0x0000000087000000, 0x0000000087000000| Untracked 
| 113|0x0000000087100000, 0x0000000087100000, 0x0000000087200000|  0%| F|  |TAMS 0x0000000087100000, 0x0000000087100000| Untracked 
| 114|0x0000000087200000, 0x0000000087200000, 0x0000000087300000|  0%| F|  |TAMS 0x0000000087200000, 0x0000000087200000| Untracked 
| 115|0x0000000087300000, 0x0000000087300000, 0x0000000087400000|  0%| F|  |TAMS 0x0000000087300000, 0x0000000087300000| Untracked 
| 116|0x0000000087400000, 0x0000000087400000, 0x0000000087500000|  0%| F|  |TAMS 0x0000000087400000, 0x0000000087400000| Untracked 
| 117|0x0000000087500000, 0x0000000087500000, 0x0000000087600000|  0%| F|  |TAMS 0x0000000087500000, 0x0000000087500000| Untracked 
| 118|0x0000000087600000, 0x0000000087600000, 0x0000000087700000|  0%| F|  |TAMS 0x0000000087600000, 0x0000000087600000| Untracked 
| 119|0x0000000087700000, 0x0000000087700000, 0x0000000087800000|  0%| F|  |TAMS 0x0000000087700000, 0x0000000087700000| Untracked 
| 120|0x0000000087800000, 0x0000000087800000, 0x0000000087900000|  0%| F|  |TAMS 0x0000000087800000, 0x0000000087800000| Untracked 
| 121|0x0000000087900000, 0x0000000087900000, 0x0000000087a00000|  0%| F|  |TAMS 0x0000000087900000, 0x0000000087900000| Untracked 
| 122|0x0000000087a00000, 0x0000000087a00000, 0x0000000087b00000|  0%| F|  |TAMS 0x0000000087a00000, 0x0000000087a00000| Untracked 
| 123|0x0000000087b00000, 0x0000000087b00000, 0x0000000087c00000|  0%| F|  |TAMS 0x0000000087b00000, 0x0000000087b00000| Untracked 
| 124|0x0000000087c00000, 0x0000000087c00000, 0x0000000087d00000|  0%| F|  |TAMS 0x0000000087c00000, 0x0000000087c00000| Untracked 
| 125|0x0000000087d00000, 0x0000000087d00000, 0x0000000087e00000|  0%| F|  |TAMS 0x0000000087d00000, 0x0000000087d00000| Untracked 
| 126|0x0000000087e00000, 0x0000000087e00000, 0x0000000087f00000|  0%| F|  |TAMS 0x0000000087e00000, 0x0000000087e00000| Untracked 
| 127|0x0000000087f00000, 0x0000000087f00000, 0x0000000088000000|  0%| F|  |TAMS 0x0000000087f00000, 0x0000000087f00000| Untracked 
| 128|0x0000000088000000, 0x0000000088000000, 0x0000000088100000|  0%| F|  |TAMS 0x0000000088000000, 0x0000000088000000| Untracked 
| 129|0x0000000088100000, 0x0000000088100000, 0x0000000088200000|  0%| F|  |TAMS 0x0000000088100000, 0x0000000088100000| Untracked 
| 130|0x0000000088200000, 0x0000000088200000, 0x0000000088300000|  0%| F|  |TAMS 0x0000000088200000, 0x0000000088200000| Untracked 
| 131|0x0000000088300000, 0x0000000088300000, 0x0000000088400000|  0%| F|  |TAMS 0x0000000088300000, 0x0000000088300000| Untracked 
| 132|0x0000000088400000, 0x0000000088400000, 0x0000000088500000|  0%| F|  |TAMS 0x0000000088400000, 0x0000000088400000| Untracked 
| 133|0x0000000088500000, 0x0000000088500000, 0x0000000088600000|  0%| F|  |TAMS 0x0000000088500000, 0x0000000088500000| Untracked 
| 134|0x0000000088600000, 0x0000000088600000, 0x0000000088700000|  0%| F|  |TAMS 0x0000000088600000, 0x0000000088600000| Untracked 
| 135|0x0000000088700000, 0x0000000088700000, 0x0000000088800000|  0%| F|  |TAMS 0x0000000088700000, 0x0000000088700000| Untracked 
| 136|0x0000000088800000, 0x0000000088800000, 0x0000000088900000|  0%| F|  |TAMS 0x0000000088800000, 0x0000000088800000| Untracked 
| 137|0x0000000088900000, 0x0000000088900000, 0x0000000088a00000|  0%| F|  |TAMS 0x0000000088900000, 0x0000000088900000| Untracked 
| 138|0x0000000088a00000, 0x0000000088a00000, 0x0000000088b00000|  0%| F|  |TAMS 0x0000000088a00000, 0x0000000088a00000| Untracked 
| 139|0x0000000088b00000, 0x0000000088b00000, 0x0000000088c00000|  0%| F|  |TAMS 0x0000000088b00000, 0x0000000088b00000| Untracked 
| 140|0x0000000088c00000, 0x0000000088c00000, 0x0000000088d00000|  0%| F|  |TAMS 0x0000000088c00000, 0x0000000088c00000| Untracked 
| 141|0x0000000088d00000, 0x0000000088d00000, 0x0000000088e00000|  0%| F|  |TAMS 0x0000000088d00000, 0x0000000088d00000| Untracked 
| 142|0x0000000088e00000, 0x0000000088e00000, 0x0000000088f00000|  0%| F|  |TAMS 0x0000000088e00000, 0x0000000088e00000| Untracked 
| 143|0x0000000088f00000, 0x0000000088f00000, 0x0000000089000000|  0%| F|  |TAMS 0x0000000088f00000, 0x0000000088f00000| Untracked 
| 144|0x0000000089000000, 0x0000000089000000, 0x0000000089100000|  0%| F|  |TAMS 0x0000000089000000, 0x0000000089000000| Untracked 
| 145|0x0000000089100000, 0x0000000089100000, 0x0000000089200000|  0%| F|  |TAMS 0x0000000089100000, 0x0000000089100000| Untracked 
| 146|0x0000000089200000, 0x0000000089200000, 0x0000000089300000|  0%| F|  |TAMS 0x0000000089200000, 0x0000000089200000| Untracked 
| 147|0x0000000089300000, 0x0000000089300000, 0x0000000089400000|  0%| F|  |TAMS 0x0000000089300000, 0x0000000089300000| Untracked 
| 148|0x0000000089400000, 0x0000000089400000, 0x0000000089500000|  0%| F|  |TAMS 0x0000000089400000, 0x0000000089400000| Untracked 
| 149|0x0000000089500000, 0x0000000089500000, 0x0000000089600000|  0%| F|  |TAMS 0x0000000089500000, 0x0000000089500000| Untracked 
| 150|0x0000000089600000, 0x0000000089600000, 0x0000000089700000|  0%| F|  |TAMS 0x0000000089600000, 0x0000000089600000| Untracked 
| 151|0x0000000089700000, 0x0000000089700000, 0x0000000089800000|  0%| F|  |TAMS 0x0000000089700000, 0x0000000089700000| Untracked 
| 152|0x0000000089800000, 0x0000000089800000, 0x0000000089900000|  0%| F|  |TAMS 0x0000000089800000, 0x0000000089800000| Untracked 
| 153|0x0000000089900000, 0x0000000089900000, 0x0000000089a00000|  0%| F|  |TAMS 0x0000000089900000, 0x0000000089900000| Untracked 
| 154|0x0000000089a00000, 0x0000000089a00000, 0x0000000089b00000|  0%| F|  |TAMS 0x0000000089a00000, 0x0000000089a00000| Untracked 
| 155|0x0000000089b00000, 0x0000000089b00000, 0x0000000089c00000|  0%| F|  |TAMS 0x0000000089b00000, 0x0000000089b00000| Untracked 
| 156|0x0000000089c00000, 0x0000000089c00000, 0x0000000089d00000|  0%| F|  |TAMS 0x0000000089c00000, 0x0000000089c00000| Untracked 
| 157|0x0000000089d00000, 0x0000000089d00000, 0x0000000089e00000|  0%| F|  |TAMS 0x0000000089d00000, 0x0000000089d00000| Untracked 
| 158|0x0000000089e00000, 0x0000000089e00000, 0x0000000089f00000|  0%| F|  |TAMS 0x0000000089e00000, 0x0000000089e00000| Untracked 
| 159|0x0000000089f00000, 0x0000000089f00000, 0x000000008a000000|  0%| F|  |TAMS 0x0000000089f00000, 0x0000000089f00000| Untracked 
| 160|0x000000008a000000, 0x000000008a000000, 0x000000008a100000|  0%| F|  |TAMS 0x000000008a000000, 0x000000008a000000| Untracked 
| 161|0x000000008a100000, 0x000000008a100000, 0x000000008a200000|  0%| F|  |TAMS 0x000000008a100000, 0x000000008a100000| Untracked 
| 162|0x000000008a200000, 0x000000008a200000, 0x000000008a300000|  0%| F|  |TAMS 0x000000008a200000, 0x000000008a200000| Untracked 
| 163|0x000000008a300000, 0x000000008a300000, 0x000000008a400000|  0%| F|  |TAMS 0x000000008a300000, 0x000000008a300000| Untracked 
| 164|0x000000008a400000, 0x000000008a400000, 0x000000008a500000|  0%| F|  |TAMS 0x000000008a400000, 0x000000008a400000| Untracked 
| 165|0x000000008a500000, 0x000000008a500000, 0x000000008a600000|  0%| F|  |TAMS 0x000000008a500000, 0x000000008a500000| Untracked 
| 166|0x000000008a600000, 0x000000008a600000, 0x000000008a700000|  0%| F|  |TAMS 0x000000008a600000, 0x000000008a600000| Untracked 
| 167|0x000000008a700000, 0x000000008a700000, 0x000000008a800000|  0%| F|  |TAMS 0x000000008a700000, 0x000000008a700000| Untracked 
| 168|0x000000008a800000, 0x000000008a800000, 0x000000008a900000|  0%| F|  |TAMS 0x000000008a800000, 0x000000008a800000| Untracked 
| 169|0x000000008a900000, 0x000000008a900000, 0x000000008aa00000|  0%| F|  |TAMS 0x000000008a900000, 0x000000008a900000| Untracked 
| 170|0x000000008aa00000, 0x000000008aa00000, 0x000000008ab00000|  0%| F|  |TAMS 0x000000008aa00000, 0x000000008aa00000| Untracked 
| 171|0x000000008ab00000, 0x000000008ab00000, 0x000000008ac00000|  0%| F|  |TAMS 0x000000008ab00000, 0x000000008ab00000| Untracked 
| 172|0x000000008ac00000, 0x000000008ac00000, 0x000000008ad00000|  0%| F|  |TAMS 0x000000008ac00000, 0x000000008ac00000| Untracked 
| 173|0x000000008ad00000, 0x000000008ad00000, 0x000000008ae00000|  0%| F|  |TAMS 0x000000008ad00000, 0x000000008ad00000| Untracked 
| 174|0x000000008ae00000, 0x000000008ae00000, 0x000000008af00000|  0%| F|  |TAMS 0x000000008ae00000, 0x000000008ae00000| Untracked 
| 175|0x000000008af00000, 0x000000008af00000, 0x000000008b000000|  0%| F|  |TAMS 0x000000008af00000, 0x000000008af00000| Untracked 
| 176|0x000000008b000000, 0x000000008b000000, 0x000000008b100000|  0%| F|  |TAMS 0x000000008b000000, 0x000000008b000000| Untracked 
| 177|0x000000008b100000, 0x000000008b100000, 0x000000008b200000|  0%| F|  |TAMS 0x000000008b100000, 0x000000008b100000| Untracked 
| 178|0x000000008b200000, 0x000000008b200000, 0x000000008b300000|  0%| F|  |TAMS 0x000000008b200000, 0x000000008b200000| Untracked 
| 179|0x000000008b300000, 0x000000008b300000, 0x000000008b400000|  0%| F|  |TAMS 0x000000008b300000, 0x000000008b300000| Untracked 
| 180|0x000000008b400000, 0x000000008b400000, 0x000000008b500000|  0%| F|  |TAMS 0x000000008b400000, 0x000000008b400000| Untracked 
| 181|0x000000008b500000, 0x000000008b500000, 0x000000008b600000|  0%| F|  |TAMS 0x000000008b500000, 0x000000008b500000| Untracked 
| 182|0x000000008b600000, 0x000000008b600000, 0x000000008b700000|  0%| F|  |TAMS 0x000000008b600000, 0x000000008b600000| Untracked 
| 183|0x000000008b700000, 0x000000008b700000, 0x000000008b800000|  0%| F|  |TAMS 0x000000008b700000, 0x000000008b700000| Untracked 
| 184|0x000000008b800000, 0x000000008b800000, 0x000000008b900000|  0%| F|  |TAMS 0x000000008b800000, 0x000000008b800000| Untracked 
| 185|0x000000008b900000, 0x000000008b900000, 0x000000008ba00000|  0%| F|  |TAMS 0x000000008b900000, 0x000000008b900000| Untracked 
| 186|0x000000008ba00000, 0x000000008ba00000, 0x000000008bb00000|  0%| F|  |TAMS 0x000000008ba00000, 0x000000008ba00000| Untracked 
| 187|0x000000008bb00000, 0x000000008bb00000, 0x000000008bc00000|  0%| F|  |TAMS 0x000000008bb00000, 0x000000008bb00000| Untracked 
| 188|0x000000008bc00000, 0x000000008bc00000, 0x000000008bd00000|  0%| F|  |TAMS 0x000000008bc00000, 0x000000008bc00000| Untracked 
| 189|0x000000008bd00000, 0x000000008bd00000, 0x000000008be00000|  0%| F|  |TAMS 0x000000008bd00000, 0x000000008bd00000| Untracked 
| 190|0x000000008be00000, 0x000000008be00000, 0x000000008bf00000|  0%| F|  |TAMS 0x000000008be00000, 0x000000008be00000| Untracked 
| 191|0x000000008bf00000, 0x000000008bf00000, 0x000000008c000000|  0%| F|  |TAMS 0x000000008bf00000, 0x000000008bf00000| Untracked 
| 192|0x000000008c000000, 0x000000008c000000, 0x000000008c100000|  0%| F|  |TAMS 0x000000008c000000, 0x000000008c000000| Untracked 
| 193|0x000000008c100000, 0x000000008c100000, 0x000000008c200000|  0%| F|  |TAMS 0x000000008c100000, 0x000000008c100000| Untracked 
| 194|0x000000008c200000, 0x000000008c200000, 0x000000008c300000|  0%| F|  |TAMS 0x000000008c200000, 0x000000008c200000| Untracked 
| 195|0x000000008c300000, 0x000000008c300000, 0x000000008c400000|  0%| F|  |TAMS 0x000000008c300000, 0x000000008c300000| Untracked 
| 196|0x000000008c400000, 0x000000008c400000, 0x000000008c500000|  0%| F|  |TAMS 0x000000008c400000, 0x000000008c400000| Untracked 
| 197|0x000000008c500000, 0x000000008c500000, 0x000000008c600000|  0%| F|  |TAMS 0x000000008c500000, 0x000000008c500000| Untracked 
| 198|0x000000008c600000, 0x000000008c600000, 0x000000008c700000|  0%| F|  |TAMS 0x000000008c600000, 0x000000008c600000| Untracked 
| 199|0x000000008c700000, 0x000000008c700000, 0x000000008c800000|  0%| F|  |TAMS 0x000000008c700000, 0x000000008c700000| Untracked 
| 200|0x000000008c800000, 0x000000008c800000, 0x000000008c900000|  0%| F|  |TAMS 0x000000008c800000, 0x000000008c800000| Untracked 
| 201|0x000000008c900000, 0x000000008c900000, 0x000000008ca00000|  0%| F|  |TAMS 0x000000008c900000, 0x000000008c900000| Untracked 
| 202|0x000000008ca00000, 0x000000008ca00000, 0x000000008cb00000|  0%| F|  |TAMS 0x000000008ca00000, 0x000000008ca00000| Untracked 
| 203|0x000000008cb00000, 0x000000008cb00000, 0x000000008cc00000|  0%| F|  |TAMS 0x000000008cb00000, 0x000000008cb00000| Untracked 
| 204|0x000000008cc00000, 0x000000008cc00000, 0x000000008cd00000|  0%| F|  |TAMS 0x000000008cc00000, 0x000000008cc00000| Untracked 
| 205|0x000000008cd00000, 0x000000008cd00000, 0x000000008ce00000|  0%| F|  |TAMS 0x000000008cd00000, 0x000000008cd00000| Untracked 
| 206|0x000000008ce00000, 0x000000008ce00000, 0x000000008cf00000|  0%| F|  |TAMS 0x000000008ce00000, 0x000000008ce00000| Untracked 
| 207|0x000000008cf00000, 0x000000008cf00000, 0x000000008d000000|  0%| F|  |TAMS 0x000000008cf00000, 0x000000008cf00000| Untracked 
| 208|0x000000008d000000, 0x000000008d000000, 0x000000008d100000|  0%| F|  |TAMS 0x000000008d000000, 0x000000008d000000| Untracked 
| 209|0x000000008d100000, 0x000000008d100000, 0x000000008d200000|  0%| F|  |TAMS 0x000000008d100000, 0x000000008d100000| Untracked 
| 210|0x000000008d200000, 0x000000008d200000, 0x000000008d300000|  0%| F|  |TAMS 0x000000008d200000, 0x000000008d200000| Untracked 
| 211|0x000000008d300000, 0x000000008d300000, 0x000000008d400000|  0%| F|  |TAMS 0x000000008d300000, 0x000000008d300000| Untracked 
| 212|0x000000008d400000, 0x000000008d400000, 0x000000008d500000|  0%| F|  |TAMS 0x000000008d400000, 0x000000008d400000| Untracked 
| 213|0x000000008d500000, 0x000000008d500000, 0x000000008d600000|  0%| F|  |TAMS 0x000000008d500000, 0x000000008d500000| Untracked 
| 214|0x000000008d600000, 0x000000008d600000, 0x000000008d700000|  0%| F|  |TAMS 0x000000008d600000, 0x000000008d600000| Untracked 
| 215|0x000000008d700000, 0x000000008d700000, 0x000000008d800000|  0%| F|  |TAMS 0x000000008d700000, 0x000000008d700000| Untracked 
| 216|0x000000008d800000, 0x000000008d800000, 0x000000008d900000|  0%| F|  |TAMS 0x000000008d800000, 0x000000008d800000| Untracked 
| 217|0x000000008d900000, 0x000000008d900000, 0x000000008da00000|  0%| F|  |TAMS 0x000000008d900000, 0x000000008d900000| Untracked 
| 218|0x000000008da00000, 0x000000008da00000, 0x000000008db00000|  0%| F|  |TAMS 0x000000008da00000, 0x000000008da00000| Untracked 
| 219|0x000000008db00000, 0x000000008db00000, 0x000000008dc00000|  0%| F|  |TAMS 0x000000008db00000, 0x000000008db00000| Untracked 
| 220|0x000000008dc00000, 0x000000008dc00000, 0x000000008dd00000|  0%| F|  |TAMS 0x000000008dc00000, 0x000000008dc00000| Untracked 
| 221|0x000000008dd00000, 0x000000008dd00000, 0x000000008de00000|  0%| F|  |TAMS 0x000000008dd00000, 0x000000008dd00000| Untracked 
| 222|0x000000008de00000, 0x000000008de00000, 0x000000008df00000|  0%| F|  |TAMS 0x000000008de00000, 0x000000008de00000| Untracked 
| 223|0x000000008df00000, 0x000000008df00000, 0x000000008e000000|  0%| F|  |TAMS 0x000000008df00000, 0x000000008df00000| Untracked 
| 224|0x000000008e000000, 0x000000008e000000, 0x000000008e100000|  0%| F|  |TAMS 0x000000008e000000, 0x000000008e000000| Untracked 
| 225|0x000000008e100000, 0x000000008e100000, 0x000000008e200000|  0%| F|  |TAMS 0x000000008e100000, 0x000000008e100000| Untracked 
| 226|0x000000008e200000, 0x000000008e200000, 0x000000008e300000|  0%| F|  |TAMS 0x000000008e200000, 0x000000008e200000| Untracked 
| 227|0x000000008e300000, 0x000000008e300000, 0x000000008e400000|  0%| F|  |TAMS 0x000000008e300000, 0x000000008e300000| Untracked 
| 228|0x000000008e400000, 0x000000008e400000, 0x000000008e500000|  0%| F|  |TAMS 0x000000008e400000, 0x000000008e400000| Untracked 
| 229|0x000000008e500000, 0x000000008e500000, 0x000000008e600000|  0%| F|  |TAMS 0x000000008e500000, 0x000000008e500000| Untracked 
| 230|0x000000008e600000, 0x000000008e600000, 0x000000008e700000|  0%| F|  |TAMS 0x000000008e600000, 0x000000008e600000| Untracked 
| 231|0x000000008e700000, 0x000000008e700000, 0x000000008e800000|  0%| F|  |TAMS 0x000000008e700000, 0x000000008e700000| Untracked 
| 232|0x000000008e800000, 0x000000008e800000, 0x000000008e900000|  0%| F|  |TAMS 0x000000008e800000, 0x000000008e800000| Untracked 
| 233|0x000000008e900000, 0x000000008e900000, 0x000000008ea00000|  0%| F|  |TAMS 0x000000008e900000, 0x000000008e900000| Untracked 
| 234|0x000000008ea00000, 0x000000008ea00000, 0x000000008eb00000|  0%| F|  |TAMS 0x000000008ea00000, 0x000000008ea00000| Untracked 
| 235|0x000000008eb00000, 0x000000008eb00000, 0x000000008ec00000|  0%| F|  |TAMS 0x000000008eb00000, 0x000000008eb00000| Untracked 
| 236|0x000000008ec00000, 0x000000008ec00000, 0x000000008ed00000|  0%| F|  |TAMS 0x000000008ec00000, 0x000000008ec00000| Untracked 
| 237|0x000000008ed00000, 0x000000008ed00000, 0x000000008ee00000|  0%| F|  |TAMS 0x000000008ed00000, 0x000000008ed00000| Untracked 
| 238|0x000000008ee00000, 0x000000008ee00000, 0x000000008ef00000|  0%| F|  |TAMS 0x000000008ee00000, 0x000000008ee00000| Untracked 
| 239|0x000000008ef00000, 0x000000008ef00000, 0x000000008f000000|  0%| F|  |TAMS 0x000000008ef00000, 0x000000008ef00000| Untracked 
| 240|0x000000008f000000, 0x000000008f000000, 0x000000008f100000|  0%| F|  |TAMS 0x000000008f000000, 0x000000008f000000| Untracked 
| 241|0x000000008f100000, 0x000000008f100000, 0x000000008f200000|  0%| F|  |TAMS 0x000000008f100000, 0x000000008f100000| Untracked 
| 242|0x000000008f200000, 0x000000008f200000, 0x000000008f300000|  0%| F|  |TAMS 0x000000008f200000, 0x000000008f200000| Untracked 
| 243|0x000000008f300000, 0x000000008f300000, 0x000000008f400000|  0%| F|  |TAMS 0x000000008f300000, 0x000000008f300000| Untracked 
| 244|0x000000008f400000, 0x000000008f400000, 0x000000008f500000|  0%| F|  |TAMS 0x000000008f400000, 0x000000008f400000| Untracked 
| 245|0x000000008f500000, 0x000000008f500000, 0x000000008f600000|  0%| F|  |TAMS 0x000000008f500000, 0x000000008f500000| Untracked 
| 246|0x000000008f600000, 0x000000008f600000, 0x000000008f700000|  0%| F|  |TAMS 0x000000008f600000, 0x000000008f600000| Untracked 
| 247|0x000000008f700000, 0x000000008f700000, 0x000000008f800000|  0%| F|  |TAMS 0x000000008f700000, 0x000000008f700000| Untracked 
| 248|0x000000008f800000, 0x000000008f800000, 0x000000008f900000|  0%| F|  |TAMS 0x000000008f800000, 0x000000008f800000| Untracked 
| 249|0x000000008f900000, 0x000000008f900000, 0x000000008fa00000|  0%| F|  |TAMS 0x000000008f900000, 0x000000008f900000| Untracked 
| 250|0x000000008fa00000, 0x000000008fa00000, 0x000000008fb00000|  0%| F|  |TAMS 0x000000008fa00000, 0x000000008fa00000| Untracked 
| 251|0x000000008fb00000, 0x000000008fb00000, 0x000000008fc00000|  0%| F|  |TAMS 0x000000008fb00000, 0x000000008fb00000| Untracked 
| 252|0x000000008fc00000, 0x000000008fc00000, 0x000000008fd00000|  0%| F|  |TAMS 0x000000008fc00000, 0x000000008fc00000| Untracked 
| 253|0x000000008fd00000, 0x000000008fd00000, 0x000000008fe00000|  0%| F|  |TAMS 0x000000008fd00000, 0x000000008fd00000| Untracked 
| 254|0x000000008fe00000, 0x000000008fe00000, 0x000000008ff00000|  0%| F|  |TAMS 0x000000008fe00000, 0x000000008fe00000| Untracked 
| 255|0x000000008ff00000, 0x000000008ff00000, 0x0000000090000000|  0%| F|  |TAMS 0x000000008ff00000, 0x000000008ff00000| Untracked 
| 256|0x0000000090000000, 0x0000000090000000, 0x0000000090100000|  0%| F|  |TAMS 0x0000000090000000, 0x0000000090000000| Untracked 
| 257|0x0000000090100000, 0x0000000090100000, 0x0000000090200000|  0%| F|  |TAMS 0x0000000090100000, 0x0000000090100000| Untracked 
| 258|0x0000000090200000, 0x0000000090200000, 0x0000000090300000|  0%| F|  |TAMS 0x0000000090200000, 0x0000000090200000| Untracked 
| 259|0x0000000090300000, 0x0000000090300000, 0x0000000090400000|  0%| F|  |TAMS 0x0000000090300000, 0x0000000090300000| Untracked 
| 260|0x0000000090400000, 0x0000000090400000, 0x0000000090500000|  0%| F|  |TAMS 0x0000000090400000, 0x0000000090400000| Untracked 
| 261|0x0000000090500000, 0x0000000090500000, 0x0000000090600000|  0%| F|  |TAMS 0x0000000090500000, 0x0000000090500000| Untracked 
| 262|0x0000000090600000, 0x0000000090600000, 0x0000000090700000|  0%| F|  |TAMS 0x0000000090600000, 0x0000000090600000| Untracked 
| 263|0x0000000090700000, 0x0000000090700000, 0x0000000090800000|  0%| F|  |TAMS 0x0000000090700000, 0x0000000090700000| Untracked 
| 264|0x0000000090800000, 0x0000000090800000, 0x0000000090900000|  0%| F|  |TAMS 0x0000000090800000, 0x0000000090800000| Untracked 
| 265|0x0000000090900000, 0x0000000090900000, 0x0000000090a00000|  0%| F|  |TAMS 0x0000000090900000, 0x0000000090900000| Untracked 
| 266|0x0000000090a00000, 0x0000000090a00000, 0x0000000090b00000|  0%| F|  |TAMS 0x0000000090a00000, 0x0000000090a00000| Untracked 
| 267|0x0000000090b00000, 0x0000000090b00000, 0x0000000090c00000|  0%| F|  |TAMS 0x0000000090b00000, 0x0000000090b00000| Untracked 
| 268|0x0000000090c00000, 0x0000000090c00000, 0x0000000090d00000|  0%| F|  |TAMS 0x0000000090c00000, 0x0000000090c00000| Untracked 
| 269|0x0000000090d00000, 0x0000000090dfd210, 0x0000000090e00000| 98%| E|  |TAMS 0x0000000090d00000, 0x0000000090d00000| Complete 
| 270|0x0000000090e00000, 0x0000000090f00000, 0x0000000090f00000|100%| E|CS|TAMS 0x0000000090e00000, 0x0000000090e00000| Complete 
| 271|0x0000000090f00000, 0x0000000091000000, 0x0000000091000000|100%| E|CS|TAMS 0x0000000090f00000, 0x0000000090f00000| Complete 
| 272|0x0000000091000000, 0x0000000091100000, 0x0000000091100000|100%| E|CS|TAMS 0x0000000091000000, 0x0000000091000000| Complete 
| 273|0x0000000091100000, 0x0000000091200000, 0x0000000091200000|100%| E|CS|TAMS 0x0000000091100000, 0x0000000091100000| Complete 
| 274|0x0000000091200000, 0x0000000091300000, 0x0000000091300000|100%| E|CS|TAMS 0x0000000091200000, 0x0000000091200000| Complete 
| 275|0x0000000091300000, 0x0000000091400000, 0x0000000091400000|100%| E|CS|TAMS 0x0000000091300000, 0x0000000091300000| Complete 
| 276|0x0000000091400000, 0x0000000091500000, 0x0000000091500000|100%| E|CS|TAMS 0x0000000091400000, 0x0000000091400000| Complete 
| 277|0x0000000091500000, 0x0000000091600000, 0x0000000091600000|100%| E|CS|TAMS 0x0000000091500000, 0x0000000091500000| Complete 
| 278|0x0000000091600000, 0x0000000091700000, 0x0000000091700000|100%| E|CS|TAMS 0x0000000091600000, 0x0000000091600000| Complete 
| 279|0x0000000091700000, 0x0000000091800000, 0x0000000091800000|100%| E|CS|TAMS 0x0000000091700000, 0x0000000091700000| Complete 
| 280|0x0000000091800000, 0x0000000091900000, 0x0000000091900000|100%| E|CS|TAMS 0x0000000091800000, 0x0000000091800000| Complete 
| 281|0x0000000091900000, 0x0000000091a00000, 0x0000000091a00000|100%| E|CS|TAMS 0x0000000091900000, 0x0000000091900000| Complete 
| 282|0x0000000091a00000, 0x0000000091b00000, 0x0000000091b00000|100%| E|CS|TAMS 0x0000000091a00000, 0x0000000091a00000| Complete 
| 283|0x0000000091b00000, 0x0000000091c00000, 0x0000000091c00000|100%| E|CS|TAMS 0x0000000091b00000, 0x0000000091b00000| Complete 
| 284|0x0000000091c00000, 0x0000000091d00000, 0x0000000091d00000|100%| E|CS|TAMS 0x0000000091c00000, 0x0000000091c00000| Complete 
| 285|0x0000000091d00000, 0x0000000091e00000, 0x0000000091e00000|100%| E|CS|TAMS 0x0000000091d00000, 0x0000000091d00000| Complete 
| 286|0x0000000091e00000, 0x0000000091f00000, 0x0000000091f00000|100%| E|CS|TAMS 0x0000000091e00000, 0x0000000091e00000| Complete 
| 287|0x0000000091f00000, 0x0000000092000000, 0x0000000092000000|100%| E|CS|TAMS 0x0000000091f00000, 0x0000000091f00000| Complete 
| 288|0x0000000092000000, 0x0000000092100000, 0x0000000092100000|100%| E|CS|TAMS 0x0000000092000000, 0x0000000092000000| Complete 
| 289|0x0000000092100000, 0x0000000092200000, 0x0000000092200000|100%| E|CS|TAMS 0x0000000092100000, 0x0000000092100000| Complete 
| 290|0x0000000092200000, 0x0000000092300000, 0x0000000092300000|100%| E|CS|TAMS 0x0000000092200000, 0x0000000092200000| Complete 
| 291|0x0000000092300000, 0x0000000092400000, 0x0000000092400000|100%| E|CS|TAMS 0x0000000092300000, 0x0000000092300000| Complete 
| 292|0x0000000092400000, 0x0000000092500000, 0x0000000092500000|100%| E|CS|TAMS 0x0000000092400000, 0x0000000092400000| Complete 
| 293|0x0000000092500000, 0x0000000092600000, 0x0000000092600000|100%| E|CS|TAMS 0x0000000092500000, 0x0000000092500000| Complete 
| 294|0x0000000092600000, 0x0000000092700000, 0x0000000092700000|100%| E|CS|TAMS 0x0000000092600000, 0x0000000092600000| Complete 
| 295|0x0000000092700000, 0x0000000092800000, 0x0000000092800000|100%| E|CS|TAMS 0x0000000092700000, 0x0000000092700000| Complete 
| 296|0x0000000092800000, 0x0000000092900000, 0x0000000092900000|100%| E|CS|TAMS 0x0000000092800000, 0x0000000092800000| Complete 
| 297|0x0000000092900000, 0x0000000092a00000, 0x0000000092a00000|100%| E|CS|TAMS 0x0000000092900000, 0x0000000092900000| Complete 
| 298|0x0000000092a00000, 0x0000000092b00000, 0x0000000092b00000|100%| E|CS|TAMS 0x0000000092a00000, 0x0000000092a00000| Complete 
| 299|0x0000000092b00000, 0x0000000092c00000, 0x0000000092c00000|100%| E|CS|TAMS 0x0000000092b00000, 0x0000000092b00000| Complete 
| 300|0x0000000092c00000, 0x0000000092cfea48, 0x0000000092d00000| 99%| S|CS|TAMS 0x0000000092c00000, 0x0000000092c00000| Complete 
| 301|0x0000000092d00000, 0x0000000092e00000, 0x0000000092e00000|100%| S|CS|TAMS 0x0000000092d00000, 0x0000000092d00000| Complete 
| 302|0x0000000092e00000, 0x0000000092f00000, 0x0000000092f00000|100%| S|CS|TAMS 0x0000000092e00000, 0x0000000092e00000| Complete 
| 303|0x0000000092f00000, 0x0000000093000000, 0x0000000093000000|100%| S|CS|TAMS 0x0000000092f00000, 0x0000000092f00000| Complete 
| 304|0x0000000093000000, 0x0000000093100000, 0x0000000093100000|100%| S|CS|TAMS 0x0000000093000000, 0x0000000093000000| Complete 
| 305|0x0000000093100000, 0x0000000093200000, 0x0000000093200000|100%| S|CS|TAMS 0x0000000093100000, 0x0000000093100000| Complete 
| 306|0x0000000093200000, 0x0000000093300000, 0x0000000093300000|100%| S|CS|TAMS 0x0000000093200000, 0x0000000093200000| Complete 
| 307|0x0000000093300000, 0x0000000093400000, 0x0000000093400000|100%| S|CS|TAMS 0x0000000093300000, 0x0000000093300000| Complete 
| 308|0x0000000093400000, 0x0000000093500000, 0x0000000093500000|100%| S|CS|TAMS 0x0000000093400000, 0x0000000093400000| Complete 
| 309|0x0000000093500000, 0x0000000093600000, 0x0000000093600000|100%| S|CS|TAMS 0x0000000093500000, 0x0000000093500000| Complete 
| 310|0x0000000093600000, 0x00000000936ffff0, 0x0000000093700000| 99%| E|  |TAMS 0x0000000093600000, 0x0000000093600000| Complete 
| 311|0x0000000093700000, 0x0000000093800000, 0x0000000093800000|100%| E|CS|TAMS 0x0000000093700000, 0x0000000093700000| Complete 
| 312|0x0000000093800000, 0x0000000093900000, 0x0000000093900000|100%| E|CS|TAMS 0x0000000093800000, 0x0000000093800000| Complete 
| 313|0x0000000093900000, 0x0000000093a00000, 0x0000000093a00000|100%| E|CS|TAMS 0x0000000093900000, 0x0000000093900000| Complete 
| 314|0x0000000093a00000, 0x0000000093b00000, 0x0000000093b00000|100%| E|CS|TAMS 0x0000000093a00000, 0x0000000093a00000| Complete 
| 315|0x0000000093b00000, 0x0000000093c00000, 0x0000000093c00000|100%| E|CS|TAMS 0x0000000093b00000, 0x0000000093b00000| Complete 
| 316|0x0000000093c00000, 0x0000000093d00000, 0x0000000093d00000|100%| E|CS|TAMS 0x0000000093c00000, 0x0000000093c00000| Complete 
| 317|0x0000000093d00000, 0x0000000093e00000, 0x0000000093e00000|100%| E|CS|TAMS 0x0000000093d00000, 0x0000000093d00000| Complete 
| 318|0x0000000093e00000, 0x0000000093f00000, 0x0000000093f00000|100%| E|CS|TAMS 0x0000000093e00000, 0x0000000093e00000| Complete 
| 319|0x0000000093f00000, 0x0000000094000000, 0x0000000094000000|100%| E|CS|TAMS 0x0000000093f00000, 0x0000000093f00000| Complete 

Card table byte_map: [0x000001d1445a0000,0x000001d1449a0000] _byte_map_base: 0x000001d1441a0000

Marking Bits (Prev, Next): (CMBitMap*) 0x000001d131386d10, (CMBitMap*) 0x000001d131386cd8
 Prev Bits: [0x000001d146da0000, 0x000001d148da0000)
 Next Bits: [0x000001d144da0000, 0x000001d146da0000)

Polling page: 0x000001d12f340000

Metaspace:

Usage:
  Non-class:    112.38 MB capacity,   109.30 MB ( 97%) used,     2.48 MB (  2%) free+waste,   610.06 KB ( <1%) overhead. 
      Class:     18.78 MB capacity,    16.67 MB ( 89%) used,     1.81 MB ( 10%) free+waste,   306.19 KB (  2%) overhead. 
       Both:    131.15 MB capacity,   125.97 MB ( 96%) used,     4.29 MB (  3%) free+waste,   916.25 KB ( <1%) overhead. 

Virtual space:
  Non-class space:      114.00 MB reserved,     112.70 MB ( 99%) committed 
      Class space:        1.00 GB reserved,      18.95 MB (  2%) committed 
             Both:        1.11 GB reserved,     131.65 MB ( 12%) committed 

Chunk freelists:
   Non-Class:  184.00 KB
       Class:  102.00 KB
        Both:  286.00 KB

MaxMetaspaceSize: 17179869184.00 GB
CompressedClassSpaceSize: 1.00 GB
Initial GC threshold: 20.80 MB
Current GC threshold: 217.96 MB
CDS: off

CodeHeap 'non-profiled nmethods': size=120000Kb used=11175Kb max_used=11175Kb free=108824Kb
 bounds [0x000001d13c940000, 0x000001d13d430000, 0x000001d143e70000]
CodeHeap 'profiled nmethods': size=120000Kb used=36694Kb max_used=36694Kb free=83305Kb
 bounds [0x000001d135410000, 0x000001d1377f0000, 0x000001d13c940000]
CodeHeap 'non-nmethods': size=5760Kb used=2452Kb max_used=2512Kb free=3307Kb
 bounds [0x000001d134e70000, 0x000001d1350f0000, 0x000001d135410000]
 total_blobs=17961 nmethods=16968 adapters=904
 compilation: enabled
              stopped_count=0, restarted_count=0
 full_count=0

Compilation events (20 events):
Event: 1151.673 Thread 0x000001d14c123000 17174       3       org.gradle.internal.service.DefaultServiceRegistry$ConstructorService::getParameterTypes (8 bytes)
Event: 1151.674 Thread 0x000001d14c123000 nmethod 17174 0x000001d1377db290 code [0x000001d1377db540, 0x000001d1377dc538]
Event: 1151.674 Thread 0x000001d14c123000 17175       3       jdk.internal.reflect.ClassFileAssembler::opc_aaload (11 bytes)
Event: 1151.675 Thread 0x000001d14c123000 nmethod 17175 0x000001d1377dca10 code [0x000001d1377dcbe0, 0x000001d1377dce48]
Event: 1151.678 Thread 0x000001d14c123000 17176       3       jdk.internal.reflect.ClassFileAssembler::opc_aload_2 (24 bytes)
Event: 1151.678 Thread 0x000001d14c123000 nmethod 17176 0x000001d1377dcf90 code [0x000001d1377dd160, 0x000001d1377dd4a8]
Event: 1151.678 Thread 0x000001d14c123000 17177   !   3       org.gradle.internal.service.DefaultServiceRegistry$ConstructorService::invokeMethod (70 bytes)
Event: 1151.681 Thread 0x000001d14c123000 nmethod 17177 0x000001d1377dd610 code [0x000001d1377dda40, 0x000001d1377df6e8]
Event: 1151.682 Thread 0x000001d14c123000 17179       3       groovy.lang.MetaClassImpl::chooseMethodInternal (269 bytes)
Event: 1151.684 Thread 0x000001d14c123000 nmethod 17179 0x000001d1377e0310 code [0x000001d1377e0760, 0x000001d1377e2df8]
Event: 1151.684 Thread 0x000001d14c123000 17178       3       groovy.lang.MetaClassImpl::chooseMethod (29 bytes)
Event: 1151.684 Thread 0x000001d14c123000 nmethod 17178 0x000001d1377e3a90 code [0x000001d1377e3c60, 0x000001d1377e3fd8]
Event: 1151.684 Thread 0x000001d14c123000 17180       3       groovy.lang.MetaClassImpl::pickMethod (12 bytes)
Event: 1151.685 Thread 0x000001d14c123000 nmethod 17180 0x000001d1377e4110 code [0x000001d1377e4320, 0x000001d1377e4a08]
Event: 1151.690 Thread 0x000001d14c123000 17181       3       org.gradle.internal.event.ListenerBroadcast::<init> (18 bytes)
Event: 1151.690 Thread 0x000001d14c123000 nmethod 17181 0x000001d1377e4c10 code [0x000001d1377e4e00, 0x000001d1377e52f8]
Event: 1151.696 Thread 0x000001d14c123000 17182       3       org.gradle.api.internal.plugins.DefaultPotentialPluginWithId::asClass (10 bytes)
Event: 1151.697 Thread 0x000001d14c123000 nmethod 17182 0x000001d1377e5510 code [0x000001d1377e56c0, 0x000001d1377e5888]
Event: 1151.697 Thread 0x000001d14c123000 17183       1       org.gradle.api.internal.plugins.DefaultPotentialPluginWithId::getPluginId (5 bytes)
Event: 1151.697 Thread 0x000001d14c123000 nmethod 17183 0x000001d13d429b90 code [0x000001d13d429d40, 0x000001d13d429df8]

GC Heap History (20 events):
Event: 6.215 GC heap before
{Heap before GC invocations=8 (full 0):
 garbage-first heap   total 327680K, used 152106K [0x0000000080000000, 0x0000000100000000)
  region size 1024K, 129 young (132096K), 6 survivors (6144K)
 Metaspace       used 46235K, capacity 47308K, committed 47440K, reserved 1091584K
  class space    used 5904K, capacity 6299K, committed 6348K, reserved 1048576K
}
Event: 6.235 GC heap after
{Heap after GC invocations=9 (full 0):
 garbage-first heap   total 327680K, used 30979K [0x0000000080000000, 0x0000000100000000)
  region size 1024K, 14 young (14336K), 14 survivors (14336K)
 Metaspace       used 46235K, capacity 47308K, committed 47440K, reserved 1091584K
  class space    used 5904K, capacity 6299K, committed 6348K, reserved 1048576K
}
Event: 14.217 GC heap before
{Heap before GC invocations=10 (full 0):
 garbage-first heap   total 327680K, used 174339K [0x0000000080000000, 0x0000000100000000)
  region size 1024K, 152 young (155648K), 14 survivors (14336K)
 Metaspace       used 57247K, capacity 58656K, committed 58704K, reserved 1099776K
  class space    used 7252K, capacity 7843K, committed 7884K, reserved 1048576K
}
Event: 14.232 GC heap after
{Heap after GC invocations=11 (full 0):
 garbage-first heap   total 327680K, used 44018K [0x0000000080000000, 0x0000000100000000)
  region size 1024K, 19 young (19456K), 19 survivors (19456K)
 Metaspace       used 57247K, capacity 58656K, committed 58704K, reserved 1099776K
  class space    used 7252K, capacity 7843K, committed 7884K, reserved 1048576K
}
Event: 16.484 GC heap before
{Heap before GC invocations=11 (full 0):
 garbage-first heap   total 327680K, used 226290K [0x0000000080000000, 0x0000000100000000)
  region size 1024K, 189 young (193536K), 19 survivors (19456K)
 Metaspace       used 70640K, capacity 72259K, committed 72528K, reserved 1112064K
  class space    used 8916K, capacity 9585K, committed 9676K, reserved 1048576K
}
Event: 16.502 GC heap after
{Heap after GC invocations=12 (full 0):
 garbage-first heap   total 327680K, used 55075K [0x0000000080000000, 0x0000000100000000)
  region size 1024K, 22 young (22528K), 22 survivors (22528K)
 Metaspace       used 70640K, capacity 72259K, committed 72528K, reserved 1112064K
  class space    used 8916K, capacity 9585K, committed 9676K, reserved 1048576K
}
Event: 17.678 GC heap before
{Heap before GC invocations=12 (full 0):
 garbage-first heap   total 327680K, used 120611K [0x0000000080000000, 0x0000000100000000)
  region size 1024K, 87 young (89088K), 22 survivors (22528K)
 Metaspace       used 77523K, capacity 79328K, committed 79496K, reserved 1118208K
  class space    used 10038K, capacity 10769K, committed 10828K, reserved 1048576K
}
Event: 17.708 GC heap after
{Heap after GC invocations=13 (full 0):
 garbage-first heap   total 327680K, used 60322K [0x0000000080000000, 0x0000000100000000)
  region size 1024K, 17 young (17408K), 17 survivors (17408K)
 Metaspace       used 77523K, capacity 79328K, committed 79496K, reserved 1118208K
  class space    used 10038K, capacity 10769K, committed 10828K, reserved 1048576K
}
Event: 19.818 GC heap before
{Heap before GC invocations=14 (full 0):
 garbage-first heap   total 327680K, used 207778K [0x0000000080000000, 0x0000000100000000)
  region size 1024K, 162 young (165888K), 17 survivors (17408K)
 Metaspace       used 86370K, capacity 88548K, committed 88584K, reserved 1126400K
  class space    used 11131K, capacity 11950K, committed 11980K, reserved 1048576K
}
Event: 19.839 GC heap after
{Heap after GC invocations=15 (full 0):
 garbage-first heap   total 327680K, used 76571K [0x0000000080000000, 0x0000000100000000)
  region size 1024K, 21 young (21504K), 21 survivors (21504K)
 Metaspace       used 86370K, capacity 88548K, committed 88584K, reserved 1126400K
  class space    used 11131K, capacity 11950K, committed 11980K, reserved 1048576K
}
Event: 22.422 GC heap before
{Heap before GC invocations=15 (full 0):
 garbage-first heap   total 327680K, used 218907K [0x0000000080000000, 0x0000000100000000)
  region size 1024K, 161 young (164864K), 21 survivors (21504K)
 Metaspace       used 90644K, capacity 93245K, committed 93448K, reserved 1130496K
  class space    used 11755K, capacity 12725K, committed 12748K, reserved 1048576K
}
Event: 22.449 GC heap after
{Heap after GC invocations=16 (full 0):
 garbage-first heap   total 327680K, used 87959K [0x0000000080000000, 0x0000000100000000)
  region size 1024K, 12 young (12288K), 12 survivors (12288K)
 Metaspace       used 90644K, capacity 93245K, committed 93448K, reserved 1130496K
  class space    used 11755K, capacity 12725K, committed 12748K, reserved 1048576K
}
Event: 25.435 GC heap before
{Heap before GC invocations=16 (full 0):
 garbage-first heap   total 327680K, used 235415K [0x0000000080000000, 0x0000000100000000)
  region size 1024K, 153 young (156672K), 12 survivors (12288K)
 Metaspace       used 101930K, capacity 105073K, committed 105352K, reserved 1140736K
  class space    used 13143K, capacity 14311K, committed 14412K, reserved 1048576K
}
Event: 25.451 GC heap after
{Heap after GC invocations=17 (full 0):
 garbage-first heap   total 327680K, used 94812K [0x0000000080000000, 0x0000000100000000)
  region size 1024K, 17 young (17408K), 17 survivors (17408K)
 Metaspace       used 101930K, capacity 105073K, committed 105352K, reserved 1140736K
  class space    used 13143K, capacity 14311K, committed 14412K, reserved 1048576K
}
Event: 28.864 GC heap before
{Heap before GC invocations=17 (full 0):
 garbage-first heap   total 327680K, used 241244K [0x0000000080000000, 0x0000000100000000)
  region size 1024K, 160 young (163840K), 17 survivors (17408K)
 Metaspace       used 117200K, capacity 122341K, committed 122504K, reserved 1155072K
  class space    used 15850K, capacity 17972K, committed 17996K, reserved 1048576K
}
Event: 28.890 GC heap after
{Heap after GC invocations=18 (full 0):
 garbage-first heap   total 327680K, used 93710K [0x0000000080000000, 0x0000000100000000)
  region size 1024K, 8 young (8192K), 8 survivors (8192K)
 Metaspace       used 117200K, capacity 122341K, committed 122504K, reserved 1155072K
  class space    used 15850K, capacity 17972K, committed 17996K, reserved 1048576K
}
Event: 712.193 GC heap before
{Heap before GC invocations=18 (full 0):
 garbage-first heap   total 327680K, used 255502K [0x0000000080000000, 0x0000000100000000)
  region size 1024K, 160 young (163840K), 8 survivors (8192K)
 Metaspace       used 127288K, capacity 132681K, committed 132872K, reserved 1163264K
  class space    used 16894K, capacity 19092K, committed 19148K, reserved 1048576K
}
Event: 712.210 GC heap after
{Heap after GC invocations=19 (full 0):
 garbage-first heap   total 327680K, used 101551K [0x0000000080000000, 0x0000000100000000)
  region size 1024K, 16 young (16384K), 16 survivors (16384K)
 Metaspace       used 127288K, capacity 132681K, committed 132872K, reserved 1163264K
  class space    used 16894K, capacity 19092K, committed 19148K, reserved 1048576K
}
Event: 712.446 GC heap before
{Heap before GC invocations=19 (full 0):
 garbage-first heap   total 327680K, used 110767K [0x0000000080000000, 0x0000000100000000)
  region size 1024K, 26 young (26624K), 16 survivors (16384K)
 Metaspace       used 127449K, capacity 132827K, committed 132920K, reserved 1163264K
  class space    used 16902K, capacity 19096K, committed 19148K, reserved 1048576K
}
Event: 712.463 GC heap after
{Heap after GC invocations=20 (full 0):
 garbage-first heap   total 327680K, used 102836K [0x0000000080000000, 0x0000000100000000)
  region size 1024K, 10 young (10240K), 10 survivors (10240K)
 Metaspace       used 127449K, capacity 132827K, committed 132920K, reserved 1163264K
  class space    used 16902K, capacity 19096K, committed 19148K, reserved 1048576K
}

Deoptimization events (20 events):
Event: 713.178 Thread 0x000001d158cbc800 Uncommon trap: trap_request=0xffffff4d fr.pc=0x000001d13cfe5e0c relative=0x000000000000032c
Event: 713.179 Thread 0x000001d158cbc800 Uncommon trap: reason=unstable_if action=reinterpret pc=0x000001d13cfe5e0c method=com.esotericsoftware.kryo.io.Input.require(I)I @ 180 c2
Event: 713.179 Thread 0x000001d158cbc800 DEOPT PACKING pc=0x000001d13cfe5e0c sp=0x0000001e9a3fe7b0
Event: 713.179 Thread 0x000001d158cbc800 DEOPT UNPACKING pc=0x000001d134eba1af sp=0x0000001e9a3fe6d8 mode 2
Event: 1151.647 Thread 0x000001d1522d7800 Uncommon trap: trap_request=0xffffffc6 fr.pc=0x000001d13d3790d8 relative=0x00000000000000f8
Event: 1151.647 Thread 0x000001d1522d7800 Uncommon trap: reason=bimorphic_or_optimized_type_check action=maybe_recompile pc=0x000001d13d3790d8 method=org.gradle.internal.operations.DefaultBuildOperationListenerManager$ProgressShieldingBuildOperationListener.finished(Lorg/gradle/internal/operation
Event: 1151.647 Thread 0x000001d1522d7800 DEOPT PACKING pc=0x000001d13d3790d8 sp=0x0000001e9bffcdc0
Event: 1151.647 Thread 0x000001d1522d7800 DEOPT UNPACKING pc=0x000001d134eba1af sp=0x0000001e9bffcd48 mode 2
Event: 1151.672 Thread 0x000001d1522d7800 Uncommon trap: trap_request=0xffffffc6 fr.pc=0x000001d13d3790d8 relative=0x00000000000000f8
Event: 1151.672 Thread 0x000001d1522d7800 Uncommon trap: reason=bimorphic_or_optimized_type_check action=maybe_recompile pc=0x000001d13d3790d8 method=org.gradle.internal.operations.DefaultBuildOperationListenerManager$ProgressShieldingBuildOperationListener.finished(Lorg/gradle/internal/operation
Event: 1151.672 Thread 0x000001d1522d7800 DEOPT PACKING pc=0x000001d13d3790d8 sp=0x0000001e9bffb0b0
Event: 1151.672 Thread 0x000001d1522d7800 DEOPT UNPACKING pc=0x000001d134eba1af sp=0x0000001e9bffb038 mode 2
Event: 1151.673 Thread 0x000001d1522d7800 Uncommon trap: trap_request=0xffffffc6 fr.pc=0x000001d13d3790d8 relative=0x00000000000000f8
Event: 1151.673 Thread 0x000001d1522d7800 Uncommon trap: reason=bimorphic_or_optimized_type_check action=maybe_recompile pc=0x000001d13d3790d8 method=org.gradle.internal.operations.DefaultBuildOperationListenerManager$ProgressShieldingBuildOperationListener.finished(Lorg/gradle/internal/operation
Event: 1151.673 Thread 0x000001d1522d7800 DEOPT PACKING pc=0x000001d13d3790d8 sp=0x0000001e9bffb6c0
Event: 1151.673 Thread 0x000001d1522d7800 DEOPT UNPACKING pc=0x000001d134eba1af sp=0x0000001e9bffb648 mode 2
Event: 1151.683 Thread 0x000001d1522d7800 Uncommon trap: trap_request=0xffffffc6 fr.pc=0x000001d13d3790d8 relative=0x00000000000000f8
Event: 1151.684 Thread 0x000001d1522d7800 Uncommon trap: reason=bimorphic_or_optimized_type_check action=maybe_recompile pc=0x000001d13d3790d8 method=org.gradle.internal.operations.DefaultBuildOperationListenerManager$ProgressShieldingBuildOperationListener.finished(Lorg/gradle/internal/operation
Event: 1151.684 Thread 0x000001d1522d7800 DEOPT PACKING pc=0x000001d13d3790d8 sp=0x0000001e9bffab90
Event: 1151.684 Thread 0x000001d1522d7800 DEOPT UNPACKING pc=0x000001d134eba1af sp=0x0000001e9bffab18 mode 2

Classes redefined (0 events):
No events

Internal exceptions (20 events):
Event: 711.873 Thread 0x000001d158cb8800 Exception <a 'java/lang/NoClassDefFoundError'{0x000000008b559c18}: org/jetbrains/kotlin/gradle/plugin/KotlinBasePluginWrapper> (0x000000008b559c18) thrown at [src/hotspot/share/oops/constantPool.cpp, line 775]
Event: 711.912 Thread 0x000001d158cb8800 Exception <a 'sun/nio/fs/WindowsException'{0x000000008b4b3db0}> (0x000000008b4b3db0) thrown at [src/hotspot/share/prims/jni.cpp, line 617]
Event: 711.921 Thread 0x000001d158cb8800 Exception <a 'sun/nio/fs/WindowsException'{0x000000008b3596e0}> (0x000000008b3596e0) thrown at [src/hotspot/share/prims/jni.cpp, line 617]
Event: 711.921 Thread 0x000001d158cb8800 Exception <a 'sun/nio/fs/WindowsException'{0x000000008b35aa88}> (0x000000008b35aa88) thrown at [src/hotspot/share/prims/jni.cpp, line 617]
Event: 711.921 Thread 0x000001d158cb8800 Exception <a 'sun/nio/fs/WindowsException'{0x000000008b35be80}> (0x000000008b35be80) thrown at [src/hotspot/share/prims/jni.cpp, line 617]
Event: 711.921 Thread 0x000001d158cb8800 Exception <a 'sun/nio/fs/WindowsException'{0x000000008b35d4e8}> (0x000000008b35d4e8) thrown at [src/hotspot/share/prims/jni.cpp, line 617]
Event: 711.992 Thread 0x000001d158cb8800 Implicit null exception at 0x000001d13d31c2b5 to 0x000001d13d31c660
Event: 712.006 Thread 0x000001d158cb8800 Exception <a 'sun/nio/fs/WindowsException'{0x000000008a799e58}> (0x000000008a799e58) thrown at [src/hotspot/share/prims/jni.cpp, line 617]
Event: 712.711 Thread 0x000001d1522e4800 Exception <a 'java/lang/NoSuchMethodError'{0x0000000092a1d698}: <clinit>> (0x0000000092a1d698) thrown at [src/hotspot/share/prims/jni.cpp, line 1367]
Event: 712.713 Thread 0x000001d1522e4800 Exception <a 'java/lang/NoSuchMethodError'{0x0000000092a41dd0}: <clinit>> (0x0000000092a41dd0) thrown at [src/hotspot/share/prims/jni.cpp, line 1367]
Event: 712.713 Thread 0x000001d1522e4800 Exception <a 'java/lang/NoSuchMethodError'{0x0000000092a45240}: <clinit>> (0x0000000092a45240) thrown at [src/hotspot/share/prims/jni.cpp, line 1367]
Event: 712.715 Thread 0x000001d1522e4800 Exception <a 'java/lang/NoSuchMethodError'{0x0000000092a6c1c8}: <clinit>> (0x0000000092a6c1c8) thrown at [src/hotspot/share/prims/jni.cpp, line 1367]
Event: 712.723 Thread 0x000001d15359d800 Exception <a 'sun/nio/fs/WindowsException'{0x0000000092ae1a70}> (0x0000000092ae1a70) thrown at [src/hotspot/share/prims/jni.cpp, line 617]
Event: 712.757 Thread 0x000001d153597800 Exception <a 'sun/nio/fs/WindowsException'{0x000000009280fd70}> (0x000000009280fd70) thrown at [src/hotspot/share/prims/jni.cpp, line 617]
Event: 712.757 Thread 0x000001d153597800 Exception <a 'sun/nio/fs/WindowsException'{0x00000000928105a8}> (0x00000000928105a8) thrown at [src/hotspot/share/prims/jni.cpp, line 617]
Event: 712.758 Thread 0x000001d153597800 Exception <a 'sun/nio/fs/WindowsException'{0x0000000092810698}> (0x0000000092810698) thrown at [src/hotspot/share/prims/jni.cpp, line 617]
Event: 713.085 Thread 0x000001d158cb8800 Exception <a 'sun/nio/fs/WindowsException'{0x0000000091b92d70}> (0x0000000091b92d70) thrown at [src/hotspot/share/prims/jni.cpp, line 617]
Event: 713.085 Thread 0x000001d158cb8800 Exception <a 'sun/nio/fs/WindowsException'{0x0000000091b92df8}> (0x0000000091b92df8) thrown at [src/hotspot/share/prims/jni.cpp, line 617]
Event: 713.086 Thread 0x000001d158cb8800 Exception <a 'sun/nio/fs/WindowsException'{0x0000000091b946c8}> (0x0000000091b946c8) thrown at [src/hotspot/share/prims/jni.cpp, line 617]
Event: 713.087 Thread 0x000001d1535a1800 Exception <a 'sun/nio/fs/WindowsException'{0x0000000091bbdc28}> (0x0000000091bbdc28) thrown at [src/hotspot/share/prims/jni.cpp, line 617]

Events (20 events):
Event: 1150.486 loading class org/gradle/internal/snapshot/FileSystemLocationSnapshot done
Event: 1150.486 loading class org/gradle/internal/snapshot/FileSystemLocationSnapshot
Event: 1150.486 loading class org/gradle/internal/snapshot/FileSystemLocationSnapshot done
Event: 1150.487 loading class org/gradle/internal/snapshot/SnapshotHierarchy$NodeDiffListener
Event: 1150.487 loading class org/gradle/internal/snapshot/SnapshotHierarchy$NodeDiffListener done
Event: 1151.617 Thread 0x000001d1522d8800 Thread added: 0x000001d1522d8800
Event: 1151.617 Thread 0x000001d1522db000 Thread added: 0x000001d1522db000
Event: 1151.622 Thread 0x000001d1522d6800 Thread added: 0x000001d1522d6800
Event: 1151.627 Thread 0x000001d1522d7800 Thread added: 0x000001d1522d7800
Event: 1151.629 Executing VM operation: RevokeBias
Event: 1151.629 Executing VM operation: RevokeBias done
Event: 1151.632 Thread 0x000001d1522db800 Thread added: 0x000001d1522db800
Event: 1151.633 Thread 0x000001d1522d9000 Thread added: 0x000001d1522d9000
Event: 1151.634 Thread 0x000001d1522da000 Thread added: 0x000001d1522da000
Event: 1151.654 Thread 0x000001d1522d6000 Thread added: 0x000001d1522d6000
Event: 1151.658 Thread 0x000001d1522e2000 Thread added: 0x000001d1522e2000
Event: 1151.662 Thread 0x000001d1522df800 Thread added: 0x000001d1522df800
Event: 1151.665 Thread 0x000001d1522dc800 Thread added: 0x000001d1522dc800
Event: 1151.686 Thread 0x000001d1522de000 Thread added: 0x000001d1522de000
Event: 1151.697 Executing VM operation: BulkRevokeBias


Dynamic libraries:
0x00007ff766960000 - 0x00007ff76696a000 	E:\\\exe\setup\jbr\bin\java.exe
0x00007ff88d490000 - 0x00007ff88d688000 	C:\Windows\SYSTEM32\ntdll.dll
0x00007ff88bc00000 - 0x00007ff88bcbf000 	C:\Windows\System32\KERNEL32.DLL
0x00007ff88adc0000 - 0x00007ff88b0b6000 	C:\Windows\System32\KERNELBASE.dll
0x00007ff88b330000 - 0x00007ff88b430000 	C:\Windows\System32\ucrtbase.dll
0x00007ff815e20000 - 0x00007ff815e37000 	E:\\\exe\setup\jbr\bin\jli.dll
0x00007ff815d70000 - 0x00007ff815d8b000 	E:\\\exe\setup\jbr\bin\VCRUNTIME140.dll
0x00007ff88b850000 - 0x00007ff88b9ed000 	C:\Windows\System32\USER32.dll
0x00007ff88ad90000 - 0x00007ff88adb2000 	C:\Windows\System32\win32u.dll
0x00007ff88c1d0000 - 0x00007ff88c1fc000 	C:\Windows\System32\GDI32.dll
0x00007ff877ef0000 - 0x00007ff87818a000 	C:\Windows\WinSxS\amd64_microsoft.windows.common-controls_6595b64144ccf1df_6.0.19041.1110_none_60b5254171f9507e\COMCTL32.dll
0x00007ff88ac70000 - 0x00007ff88ad85000 	C:\Windows\System32\gdi32full.dll
0x00007ff88cca0000 - 0x00007ff88cd3e000 	C:\Windows\System32\msvcrt.dll
0x00007ff88b0c0000 - 0x00007ff88b15d000 	C:\Windows\System32\msvcp_win.dll
0x00007ff88bde0000 - 0x00007ff88be10000 	C:\Windows\System32\IMM32.DLL
0x00007ff845cc0000 - 0x00007ff845ccc000 	E:\\\exe\setup\jbr\bin\vcruntime140_1.dll
0x00007ff807d80000 - 0x00007ff807e0d000 	E:\\\exe\setup\jbr\bin\msvcp140.dll
0x00007ff813420000 - 0x00007ff813fdc000 	E:\\\exe\setup\jbr\bin\server\jvm.dll
0x00007ff88cb90000 - 0x00007ff88cc3f000 	C:\Windows\System32\ADVAPI32.dll
0x00007ff88b7b0000 - 0x00007ff88b84c000 	C:\Windows\System32\sechost.dll
0x00007ff88cd40000 - 0x00007ff88ce66000 	C:\Windows\System32\RPCRT4.dll
0x00007ff88d440000 - 0x00007ff88d448000 	C:\Windows\System32\PSAPI.DLL
0x00007ff885460000 - 0x00007ff885469000 	C:\Windows\SYSTEM32\WSOCK32.dll
0x00007ff8820a0000 - 0x00007ff8820aa000 	C:\Windows\SYSTEM32\VERSION.dll
0x00007ff86aa90000 - 0x00007ff86aab7000 	C:\Windows\SYSTEM32\WINMM.dll
0x00007ff88b610000 - 0x00007ff88b67b000 	C:\Windows\System32\WS2_32.dll
0x00007ff8889f0000 - 0x00007ff888a02000 	C:\Windows\SYSTEM32\kernel.appcore.dll
0x00007ff886630000 - 0x00007ff886640000 	E:\\\exe\setup\jbr\bin\verify.dll
0x00007ff876b20000 - 0x00007ff876d04000 	C:\Windows\SYSTEM32\DBGHELP.DLL
0x00007ff871e80000 - 0x00007ff871eb4000 	C:\Windows\SYSTEM32\dbgcore.DLL
0x00007ff88b460000 - 0x00007ff88b4e2000 	C:\Windows\System32\bcryptPrimitives.dll
0x00007ff885fb0000 - 0x00007ff885fd8000 	E:\\\exe\setup\jbr\bin\java.dll
0x00007ff87cfc0000 - 0x00007ff87cfca000 	E:\\\exe\setup\jbr\bin\jimage.dll
0x00007ff86c670000 - 0x00007ff86c688000 	E:\\\exe\setup\jbr\bin\zip.dll
0x00007ff88c210000 - 0x00007ff88c954000 	C:\Windows\System32\SHELL32.dll
0x00007ff888bf0000 - 0x00007ff889383000 	C:\Windows\SYSTEM32\windows.storage.dll
0x00007ff88be70000 - 0x00007ff88c1c4000 	C:\Windows\System32\combase.dll
0x00007ff88a410000 - 0x00007ff88a43e000 	C:\Windows\SYSTEM32\Wldp.dll
0x00007ff88d390000 - 0x00007ff88d43d000 	C:\Windows\System32\SHCORE.dll
0x00007ff88cc40000 - 0x00007ff88cc95000 	C:\Windows\System32\shlwapi.dll
0x00007ff88aab0000 - 0x00007ff88aacf000 	C:\Windows\SYSTEM32\profapi.dll
0x00007ff868800000 - 0x00007ff868819000 	E:\\\exe\setup\jbr\bin\net.dll
0x00007ff882ce0000 - 0x00007ff882dea000 	C:\Windows\SYSTEM32\WINHTTP.dll
0x00007ff88a1f0000 - 0x00007ff88a25a000 	C:\Windows\system32\mswsock.dll
0x00007ff8687e0000 - 0x00007ff8687f3000 	E:\\\exe\setup\jbr\bin\nio.dll
0x00007ff857180000 - 0x00007ff8571a7000 	C:\Users\Administrator\.gradle\native\e1d6ef7f7dcc3fd88c89a11ec53ec762bb8ba0a96d01ffa2cd45eb1d1d8dd5c5\windows-amd64\native-platform.dll
0x00007ff807c30000 - 0x00007ff807d74000 	C:\Users\Administrator\.gradle\native\0d407fdbe67a94daf76414ababcb853783967236a71b16ec16e742cd7a986fd3\windows-amd64\native-platform-file-events.dll
0x00007ff87ccc0000 - 0x00007ff87ccca000 	E:\\\exe\setup\jbr\bin\management.dll
0x00007ff87a150000 - 0x00007ff87a15b000 	E:\\\exe\setup\jbr\bin\management_ext.dll
0x00007ff88a450000 - 0x00007ff88a468000 	C:\Windows\SYSTEM32\CRYPTSP.dll
0x00007ff889b30000 - 0x00007ff889b64000 	C:\Windows\system32\rsaenh.dll
0x00007ff88b430000 - 0x00007ff88b457000 	C:\Windows\System32\bcrypt.dll
0x00007ff88aa30000 - 0x00007ff88aa5e000 	C:\Windows\SYSTEM32\USERENV.dll
0x00007ff88a380000 - 0x00007ff88a38c000 	C:\Windows\SYSTEM32\CRYPTBASE.dll
0x00007ff889f00000 - 0x00007ff889f3c000 	C:\Windows\SYSTEM32\IPHLPAPI.DLL
0x00007ff88b4f0000 - 0x00007ff88b4f8000 	C:\Windows\System32\NSI.dll
0x00007ff883600000 - 0x00007ff883617000 	C:\Windows\SYSTEM32\dhcpcsvc6.DLL
0x00007ff883b00000 - 0x00007ff883b1d000 	C:\Windows\SYSTEM32\dhcpcsvc.DLL
0x00007ff889f40000 - 0x00007ff88a00b000 	C:\Windows\SYSTEM32\DNSAPI.dll
0x00007ff868310000 - 0x00007ff868337000 	E:\\\exe\setup\jbr\bin\sunec.dll
0x00007ff889c70000 - 0x00007ff889ca3000 	C:\Windows\SYSTEM32\ntmarta.dll

dbghelp: loaded successfully - version: 4.0.5 - missing functions: none
symbol engine: initialized successfully - sym options: 0x614 - pdb path: .;E:\\\exe\setup\jbr\bin;C:\Windows\SYSTEM32;C:\Windows\WinSxS\amd64_microsoft.windows.common-controls_6595b64144ccf1df_6.0.19041.1110_none_60b5254171f9507e;E:\\\exe\setu;E:\\\;E:\\?E:\\?E:\;E:\;E:\\\exe\setup\jbr\bin\server;C:\Users\Administrator\.gradle\native\e1d6ef7f7dcc3fd88c89a11ec53ec762bb8ba;C:\Users\Administrator\.gradle\native\e1d6ef7f7dcc3fd88c89a11ec53ec762bb8ba0a96d01ffa2cd45eb1d1d8dd5c5\windows-amd64;C:\Users\Administrator\.gradle\native\0d407fdbe67a94daf76414ababcb853783967;C:\Users\Administrator\.gradle\native\0d407fdbe67a94daf76414ababcb853783967;C:\Users\Administrator\.gradle\native\0d407fdbe67a94daf76414ababcb853783967;C:\Users\Administrator\.gradle\native\0d407fdbe67a94daf76414ababcb853783967;C:\Users\Administrator\.gradle\native\0d407fdbe67a94daf76414ababcb853783967;C:\Users\Administrator\.gradle\native\0d407fdbe67a94daf76414ababcb853783967

VM Arguments:
jvm_args: --add-opens=java.base/java.util=ALL-UNNAMED --add-opens=java.base/java.lang=ALL-UNNAMED --add-opens=java.base/java.lang.invoke=ALL-UNNAMED --add-opens=java.base/java.util=ALL-UNNAMED --add-opens=java.prefs/java.util.prefs=ALL-UNNAMED --add-opens=java.prefs/java.util.prefs=ALL-UNNAMED --add-opens=java.base/java.nio.charset=ALL-UNNAMED --add-opens=java.base/java.net=ALL-UNNAMED --add-opens=java.base/java.util.concurrent.atomic=ALL-UNNAMED -Xmx2048m -Dfile.encoding=UTF-8 -Duser.country=CN -Duser.language=zh -Duser.variant 
java_command: org.gradle.launcher.daemon.bootstrap.GradleDaemon 7.5
java_class_path (initial): C:\Users\Administrator\.gradle\wrapper\dists\gradle-7.5-bin\f1w0cc9nuo0eivz97x2xlu9sv\gradle-7.5\lib\gradle-launcher-7.5.jar
Launcher Type: SUN_STANDARD

[Global flags]
     intx CICompilerCount                          = 4                                         {product} {ergonomic}
     uint ConcGCThreads                            = 2                                         {product} {ergonomic}
     uint G1ConcRefinementThreads                  = 8                                         {product} {ergonomic}
   size_t G1HeapRegionSize                         = 1048576                                   {product} {ergonomic}
    uintx GCDrainStackTargetSize                   = 64                                        {product} {ergonomic}
   size_t InitialHeapSize                          = 335544320                                 {product} {ergonomic}
   size_t MarkStackSize                            = 4194304                                   {product} {ergonomic}
   size_t MaxHeapSize                              = 2147483648                                {product} {command line}
   size_t MaxNewSize                               = 1287651328                                {product} {ergonomic}
   size_t MinHeapDeltaBytes                        = 1048576                                   {product} {ergonomic}
    uintx NonNMethodCodeHeapSize                   = 5836300                                {pd product} {ergonomic}
    uintx NonProfiledCodeHeapSize                  = 122910970                              {pd product} {ergonomic}
    uintx ProfiledCodeHeapSize                     = 122910970                              {pd product} {ergonomic}
    uintx ReservedCodeCacheSize                    = 251658240                              {pd product} {ergonomic}
     bool SegmentedCodeCache                       = true                                      {product} {ergonomic}
     bool UseCompressedClassPointers               = true                                 {lp64_product} {ergonomic}
     bool UseCompressedOops                        = true                                 {lp64_product} {ergonomic}
     bool UseG1GC                                  = true                                      {product} {ergonomic}
     bool UseLargePagesIndividualAllocation        = false                                  {pd product} {ergonomic}

Logging:
Log output configuration:
 #0: stdout all=warning uptime,level,tags
 #1: stderr all=off uptime,level,tags

Environment Variables:
PATH=C:\Program Files\Common Files\Oracle\Java\javapath;C:\Program Files\Python38\Scripts\;C:\Program Files\Python38\;C:\Windows\system32;C:\Windows;C:\Windows\System32\Wbem;C:\Windows\System32\WindowsPowerShell\v1.0\;C:\Windows\System32\OpenSSH\;D:\matlab\runtime\win64;D:\matlab\bin;C:\Program Files\dotnet\;C:\Program Files\Common Files\Autodesk Shared\;E:\curl\curl-7.61.1-win64-mingw\bin;C:\Program Files\Git\cmd;E:\HbuilderX\node_js\;C:\Users\Administrator\anaconda3;C:\Users\Administrator\anaconda3\Library\mingw-w64\bin;C:\Users\Administrator\anaconda3\Library\usr\bin;C:\Users\Administrator\anaconda3\Library\bin;C:\Users\Administrator\anaconda3\Scripts;C:\Users\Administrator\AppData\Local\Microsoft\WindowsApps;C:\Users\Administrator\.dotnet\tools;E:\Vscode_set\set_up\Microsoft VS Code\bin;C:\Users\Administrator\AppData\Roaming\npm
USERNAME=Administrator
OS=Windows_NT
PROCESSOR_IDENTIFIER=Intel64 Family 6 Model 142 Stepping 10, GenuineIntel



---------------  S Y S T E M  ---------------

OS: Windows 10 , 64 bit Build 19041 (10.0.19041.2913)
OS uptime: 0 days 3:36 hours
Hyper-V role detected

CPU:total 8 (initial active 8) (4 cores per cpu, 2 threads per core) family 6 model 142 stepping 10 microcode 0xb4, cmov, cx8, fxsr, mmx, sse, sse2, sse3, ssse3, sse4.1, sse4.2, popcnt, avx, avx2, aes, clmul, erms, 3dnowpref, lzcnt, ht, tsc, tscinvbit, bmi1, bmi2, adx, fma

Memory: 4k page, system-wide physical 20389M (9461M free)
TotalPageFile size 28581M (AvailPageFile size 14875M)
current process WorkingSet (physical memory assigned to process): 618M, peak: 672M
current process commit charge ("private bytes"): 666M, peak: 722M

vm_info: OpenJDK 64-Bit Server VM (11.0.15+0-b2043.56-9505619) for windows-amd64 JRE (11.0.15+0-b2043.56-9505619), built on Jan 19 2023 02:48:00 by "builduser" with unknown MS VC++:1929

END.
